Send message {SastRulesMetada, MessagePack, 217 bytes}
Send message {SastRulesMetada, MessagePack, 127 bytes}
Send message {SastRulesMetada, MessagePack, 138 bytes}
Send message {SastRulesMetada, MessagePack, 125 bytes}
Send message {SastRulesMetada, MessagePack, 108 bytes}
Send message {SastRulesMetada, MessagePack, 149 bytes}
Send message {SastRulesMetada, MessagePack, 171 bytes}
Send message {SastRulesMetada, MessagePack, 97 bytes}
Send message {SastRulesMetada, MessagePack, 212 bytes}
Send message {SastRulesMetada, MessagePack, 156 bytes}
Send message {SastRulesMetada, MessagePack, 88 bytes}
Send message {SastRulesMetada, MessagePack, 93 bytes}
Send message {SastRulesMetada, MessagePack, 88 bytes}
Send message {SastRulesMetada, MessagePack, 187 bytes}
Send message {SastRulesMetada, MessagePack, 109 bytes}
Send message {SastRulesMetada, MessagePack, 170 bytes}
Send message {SastRulesMetada, MessagePack, 150 bytes}
Send message {SastRulesMetada, MessagePack, 108 bytes}
Send message {SastRulesMetada, MessagePack, 123 bytes}
Send message {SastRulesMetada, MessagePack, 150 bytes}
Send message {SastRulesMetada, MessagePack, 105 bytes}
Send message {SastRulesMetada, MessagePack, 128 bytes}
Send message {SastRulesMetada, MessagePack, 94 bytes}
Send message {SastRulesMetada, MessagePack, 240 bytes}
Send message {SastRulesMetada, MessagePack, 119 bytes}
Send message {SastRulesMetada, MessagePack, 227 bytes}
Send message {SastRulesMetada, MessagePack, 120 bytes}
Send message {SastRulesMetada, MessagePack, 174 bytes}
Send message {SastRulesMetada, MessagePack, 95 bytes}
Send message {SastRulesMetada, MessagePack, 228 bytes}
Send message {SastRulesMetada, MessagePack, 108 bytes}
Send message {SastRulesMetada, MessagePack, 232 bytes}
Send message {SastRulesMetada, MessagePack, 235 bytes}
Send message {SastRulesMetada, MessagePack, 127 bytes}
Send message {SastRulesMetada, MessagePack, 118 bytes}
Send message {SastRulesMetada, MessagePack, 301 bytes}
Send message {SastRulesMetada, MessagePack, 140 bytes}
Send message {SastRulesMetada, MessagePack, 196 bytes}
Send message {SastRulesMetada, MessagePack, 105 bytes}
Send message {SastRulesMetada, MessagePack, 113 bytes}
Send message {SastRulesMetada, MessagePack, 91 bytes}
Send message {SastRulesMetada, MessagePack, 563 bytes}
Send message {SastRulesMetada, MessagePack, 561 bytes}
Send message {SastRulesMetada, MessagePack, 169 bytes}
Send message {SastRulesMetada, MessagePack, 104 bytes}
Send message {SastRulesMetada, MessagePack, 235 bytes}
Send message {SastRulesMetada, MessagePack, 178 bytes}
Send message {SastRulesMetada, MessagePack, 176 bytes}
Send message {SastRulesMetada, MessagePack, 106 bytes}
Send message {SastRulesMetada, MessagePack, 83 bytes}
Send message {SastRulesMetada, MessagePack, 88 bytes}
Send message {SastRulesMetada, MessagePack, 117 bytes}
Send message {SastRulesMetada, MessagePack, 193 bytes}
Send message {SastRulesMetada, MessagePack, 164 bytes}
Send message {SastRulesMetada, MessagePack, 95 bytes}
Send message {SastRulesMetada, MessagePack, 247 bytes}
Send message {SastRulesMetada, MessagePack, 214 bytes}
Send message {SastRulesMetada, MessagePack, 91 bytes}
Send message {SastRulesMetada, MessagePack, 101 bytes}
Send message {SastRulesMetada, MessagePack, 113 bytes}
Send message {SastRulesMetada, MessagePack, 105 bytes}
Send message {SastRulesMetada, MessagePack, 101 bytes}
Send message {SastRulesMetada, MessagePack, 99 bytes}
Send message {SastRulesMetada, MessagePack, 260 bytes}
Send message {SastRulesMetada, MessagePack, 211 bytes}
Send message {SastRulesMetada, MessagePack, 93 bytes}
Send message {SastRulesMetada, MessagePack, 120 bytes}
Send message {SastRulesMetada, MessagePack, 90 bytes}
Send message {SastRulesMetada, MessagePack, 179 bytes}
Send message {SastRulesMetada, MessagePack, 84 bytes}
Send message {SastRulesMetada, MessagePack, 110 bytes}
Send message {SastRulesMetada, MessagePack, 92 bytes}
Send message {SastRulesMetada, MessagePack, 197 bytes}
Send message {SastRulesMetada, MessagePack, 204 bytes}
Send message {SastRulesMetada, MessagePack, 381 bytes}
Send message {SastRulesMetada, MessagePack, 270 bytes}
Send message {SastRulesMetada, MessagePack, 75 bytes}
Send message {SastRulesMetada, MessagePack, 407 bytes}
Send message {SastRulesMetada, MessagePack, 106 bytes}
Send message {SastRulesMetada, MessagePack, 112 bytes}
Send message {SastRulesMetada, MessagePack, 226 bytes}
Send message {SastRulesMetada, MessagePack, 125 bytes}
Send message {SastRulesMetada, MessagePack, 164 bytes}
Send message {SastRulesMetada, MessagePack, 65 bytes}
Send message {SastRulesMetada, MessagePack, 133 bytes}
Send message {SastRulesMetada, MessagePack, 56 bytes}
Send message {SastRulesMetada, MessagePack, 234 bytes}
Send message {SastRulesMetada, MessagePack, 99 bytes}
Send message {SastRulesMetada, MessagePack, 168 bytes}
Send message {SastRulesMetada, MessagePack, 159 bytes}
Send message {SastRulesMetada, MessagePack, 173 bytes}
Send message {SastRulesMetada, MessagePack, 237 bytes}
Send message {SastRulesMetada, MessagePack, 175 bytes}
Send message {SastRulesMetada, MessagePack, 166 bytes}
Send message {Progress, MessagePack, 4 bytes}
Send message {IgnoredNodes, MessagePack, 3811 bytes}
Send message {NodeScanStatus, MessagePack, 86 bytes}
Send message {NodeScanStatus, MessagePack, 95 bytes}
Send message {NodeScanStatus, MessagePack, 88 bytes}
Send message {NodeScanStatus, MessagePack, 86 bytes}
Send message {Progress, MessagePack, 4 bytes}
Send message {Progress, MessagePack, 4 bytes}
Send message {NodeScanStatus, MessagePack, 86 bytes}
Send message {NodeScanStatus, MessagePack, 86 bytes}
Send message {NodeScanStatus, MessagePack, 86 bytes}
Send message {IssueDetected, MessagePack, 272 bytes}
Send message {IssueDetected, MessagePack, 279 bytes}
Send message {NodeScanStatus, MessagePack, 76 bytes}
Send message {Progress, MessagePack, 4 bytes}
Send message {Progress, MessagePack, 4 bytes}
Send message {IssueDetected, MessagePack, 279 bytes}
Send message {NodeScanStatus, MessagePack, 86 bytes}
Send message {Progress, MessagePack, 4 bytes}
Send message {NodeScanStatus, MessagePack, 88 bytes}
Send message {IssueDetected, MessagePack, 279 bytes}
Send message {NodeScanStatus, MessagePack, 87 bytes}
Send message {NodeScanStatus, MessagePack, 76 bytes}
Send message {NodeScanStatus, MessagePack, 79 bytes}
Send message {IssueDetected, MessagePack, 279 bytes}
Send message {Progress, MessagePack, 4 bytes}
Send message {NodeScanStatus, MessagePack, 81 bytes}
Send message {Progress, MessagePack, 4 bytes}
Send message {Progress, MessagePack, 4 bytes}
Send message {NodeScanStatus, MessagePack, 87 bytes}
Send message {Progress, MessagePack, 4 bytes}
Send message {NodeScanStatus, MessagePack, 79 bytes}
Send message {NodeScanStatus, MessagePack, 95 bytes}
Send message {NodeScanStatus, MessagePack, 78 bytes}
Send message {NodeScanStatus, MessagePack, 81 bytes}
Send message {NodeScanStatus, MessagePack, 91 bytes}
Send message {NodeScanStatus, MessagePack, 85 bytes}
Send message {Progress, MessagePack, 4 bytes}
Send message {NodeScanStatus, MessagePack, 90 bytes}
Send message {Progress, MessagePack, 4 bytes}
Send message {Progress, MessagePack, 4 bytes}
Send message {NodeScanStatus, MessagePack, 78 bytes}
Send message {Progress, MessagePack, 4 bytes}
Send message {NodeScanStatus, MessagePack, 91 bytes}
Send message {NodeScanStatus, MessagePack, 85 bytes}
Send message {NodeScanStatus, MessagePack, 84 bytes}
Send message {NodeScanStatus, MessagePack, 90 bytes}
Send message {NodeScanStatus, MessagePack, 91 bytes}
Send message {NodeScanStatus, MessagePack, 83 bytes}
Send message {IssueDetected, MessagePack, 272 bytes}
Send message {NodeScanStatus, MessagePack, 94 bytes}
Send message {Progress, MessagePack, 4 bytes}
Send message {Progress, MessagePack, 4 bytes}
Send message {Progress, MessagePack, 4 bytes}
Send message {Progress, MessagePack, 4 bytes}
Send message {NodeScanStatus, MessagePack, 91 bytes}
Send message {NodeScanStatus, MessagePack, 83 bytes}
Send message {NodeScanStatus, MessagePack, 84 bytes}
Send message {NodeScanStatus, MessagePack, 94 bytes}
Send message {NodeScanStatus, MessagePack, 81 bytes}
Send message {NodeScanStatus, MessagePack, 84 bytes}
Send message {NodeScanStatus, MessagePack, 80 bytes}
Send message {NodeScanStatus, MessagePack, 87 bytes}
Send message {Progress, MessagePack, 4 bytes}
Send message {IssueDetected, MessagePack, 269 bytes}
Send message {Progress, MessagePack, 4 bytes}
Send message {Progress, MessagePack, 4 bytes}
Send message {NodeScanStatus, MessagePack, 81 bytes}
Send message {Progress, MessagePack, 4 bytes}
Send message {NodeScanStatus, MessagePack, 80 bytes}
Send message {NodeScanStatus, MessagePack, 87 bytes}
Send message {NodeScanStatus, MessagePack, 84 bytes}
Send message {NodeScanStatus, MessagePack, 84 bytes}
Send message {NodeScanStatus, MessagePack, 85 bytes}
Send message {NodeScanStatus, MessagePack, 74 bytes}
Send message {Progress, MessagePack, 4 bytes}
Send message {NodeScanStatus, MessagePack, 81 bytes}
Send message {Progress, MessagePack, 4 bytes}
Send message {Progress, MessagePack, 4 bytes}
Send message {NodeScanStatus, MessagePack, 84 bytes}
Send message {Progress, MessagePack, 4 bytes}
Send message {NodeScanStatus, MessagePack, 85 bytes}
Send message {NodeScanStatus, MessagePack, 74 bytes}
Send message {NodeScanStatus, MessagePack, 86 bytes}
Send message {NodeScanStatus, MessagePack, 81 bytes}
Send message {NodeScanStatus, MessagePack, 81 bytes}
Send message {NodeScanStatus, MessagePack, 84 bytes}
Send message {Progress, MessagePack, 4 bytes}
Send message {NodeScanStatus, MessagePack, 83 bytes}
Send message {Progress, MessagePack, 4 bytes}
Send message {IssueDetected, MessagePack, 266 bytes}
Send message {NodeScanStatus, MessagePack, 86 bytes}
Send message {Progress, MessagePack, 4 bytes}
Send message {NodeScanStatus, MessagePack, 81 bytes}
Send message {Progress, MessagePack, 4 bytes}
Send message {NodeScanStatus, MessagePack, 80 bytes}
Send message {NodeScanStatus, MessagePack, 83 bytes}
Send message {NodeScanStatus, MessagePack, 86 bytes}
Send message {NodeScanStatus, MessagePack, 84 bytes}
Send message {Progress, MessagePack, 4 bytes}
Send message {NodeScanStatus, MessagePack, 87 bytes}
Send message {Progress, MessagePack, 4 bytes}
Send message {NodeScanStatus, MessagePack, 83 bytes}
Send message {NodeScanStatus, MessagePack, 80 bytes}
Send message {NodeScanStatus, MessagePack, 86 bytes}
Send message {IssueDetected, MessagePack, 260 bytes}
Send message {Progress, MessagePack, 4 bytes}
Send message {NodeScanStatus, MessagePack, 83 bytes}
Send message {NodeScanStatus, MessagePack, 84 bytes}
Send message {IssueDetected, MessagePack, 262 bytes}
Send message {NodeScanStatus, MessagePack, 83 bytes}
Send message {IssueDetected, MessagePack, 264 bytes}
Send message {Progress, MessagePack, 4 bytes}
Send message {IssueDetected, MessagePack, 271 bytes}
Send message {NodeScanStatus, MessagePack, 89 bytes}
Send message {Progress, MessagePack, 4 bytes}
Send message {NodeScanStatus, MessagePack, 84 bytes}
Send message {IssueDetected, MessagePack, 270 bytes}
Send message {Progress, MessagePack, 4 bytes}
Send message {NodeScanStatus, MessagePack, 83 bytes}
Send message {NodeScanStatus, MessagePack, 87 bytes}
Send message {IssueDetected, MessagePack, 265 bytes}
Send message {NodeScanStatus, MessagePack, 89 bytes}
Send message {NodeScanStatus, MessagePack, 82 bytes}
Send message {Progress, MessagePack, 4 bytes}
Send message {IssueDetected, MessagePack, 264 bytes}
Send message {NodeScanStatus, MessagePack, 79 bytes}
Send message {Progress, MessagePack, 4 bytes}
Send message {NodeScanStatus, MessagePack, 87 bytes}
Send message {IssueDetected, MessagePack, 265 bytes}
Send message {Progress, MessagePack, 4 bytes}
Send message {NodeScanStatus, MessagePack, 82 bytes}
Send message {NodeScanStatus, MessagePack, 86 bytes}
Send message {IssueDetected, MessagePack, 265 bytes}
Send message {NodeScanStatus, MessagePack, 79 bytes}
Send message {NodeScanStatus, MessagePack, 80 bytes}
Send message {Progress, MessagePack, 4 bytes}
Send message {IssueDetected, MessagePack, 267 bytes}
Send message {NodeScanStatus, MessagePack, 85 bytes}
Send message {IssueDetected, MessagePack, 262 bytes}
Send message {NodeScanStatus, MessagePack, 86 bytes}
Send message {IssueDetected, MessagePack, 260 bytes}
Send message {Progress, MessagePack, 4 bytes}
Send message {NodeScanStatus, MessagePack, 82 bytes}
Send message {IssueDetected, MessagePack, 260 bytes}
Send message {IssueDetected, MessagePack, 286 bytes}
Send message {NodeScanStatus, MessagePack, 80 bytes}
Send message {Progress, MessagePack, 4 bytes}
Send message {IssueDetected, MessagePack, 260 bytes}
Send message {IssueDetected, MessagePack, 273 bytes}
Send message {NodeScanStatus, MessagePack, 86 bytes}
Send message {NodeScanStatus, MessagePack, 82 bytes}
Send message {IssueDetected, MessagePack, 268 bytes}
Send message {IssueDetected, MessagePack, 276 bytes}
Send message {Progress, MessagePack, 4 bytes}
Send message {NodeScanStatus, MessagePack, 85 bytes}
Send message {IssueDetected, MessagePack, 268 bytes}
Send message {IssueDetected, MessagePack, 269 bytes}
Send message {NodeScanStatus, MessagePack, 86 bytes}
Send message {Progress, MessagePack, 4 bytes}
Send message {IssueDetected, MessagePack, 266 bytes}
Send message {Progress, MessagePack, 4 bytes}
Send message {NodeScanStatus, MessagePack, 72 bytes}
Send message {NodeScanStatus, MessagePack, 85 bytes}
Send message {IssueDetected, MessagePack, 260 bytes}
Send message {NodeScanStatus, MessagePack, 87 bytes}
Send message {IssueDetected, MessagePack, 271 bytes}
Send message {NodeScanStatus, MessagePack, 83 bytes}
Send message {Progress, MessagePack, 4 bytes}
Send message {NodeScanStatus, MessagePack, 76 bytes}
Send message {Progress, MessagePack, 4 bytes}
Send message {Progress, MessagePack, 4 bytes}
Send message {NodeScanStatus, MessagePack, 85 bytes}
Send message {Progress, MessagePack, 4 bytes}
Send message {NodeScanStatus, MessagePack, 72 bytes}
Send message {NodeScanStatus, MessagePack, 83 bytes}
Send message {NodeScanStatus, MessagePack, 82 bytes}
Send message {NodeScanStatus, MessagePack, 76 bytes}
Send message {NodeScanStatus, MessagePack, 77 bytes}
Send message {NodeScanStatus, MessagePack, 83 bytes}
Send message {Progress, MessagePack, 4 bytes}
Send message {NodeScanStatus, MessagePack, 88 bytes}
Send message {Progress, MessagePack, 4 bytes}
Send message {IssueDetected, MessagePack, 270 bytes}
Send message {NodeScanStatus, MessagePack, 82 bytes}
Send message {Progress, MessagePack, 4 bytes}
Send message {NodeScanStatus, MessagePack, 77 bytes}
Send message {Progress, MessagePack, 4 bytes}
Send message {NodeScanStatus, MessagePack, 92 bytes}
Send message {NodeScanStatus, MessagePack, 88 bytes}
Send message {NodeScanStatus, MessagePack, 77 bytes}
Send message {NodeScanStatus, MessagePack, 83 bytes}
Send message {IssueDetected, MessagePack, 273 bytes}
Send message {NodeScanStatus, MessagePack, 87 bytes}
Send message {IssueDetected, MessagePack, 262 bytes}
Send message {NodeScanStatus, MessagePack, 80 bytes}
Send message {Progress, MessagePack, 4 bytes}
Send message {Progress, MessagePack, 4 bytes}
Send message {Progress, MessagePack, 4 bytes}
Send message {Progress, MessagePack, 4 bytes}
Send message {NodeScanStatus, MessagePack, 92 bytes}
Send message {NodeScanStatus, MessagePack, 87 bytes}
Send message {NodeScanStatus, MessagePack, 77 bytes}
Send message {NodeScanStatus, MessagePack, 80 bytes}
Send message {NodeScanStatus, MessagePack, 82 bytes}
Send message {NodeScanStatus, MessagePack, 87 bytes}
Send message {NodeScanStatus, MessagePack, 83 bytes}
Send message {NodeScanStatus, MessagePack, 80 bytes}
Send message {IssueDetected, MessagePack, 272 bytes}
Send message {Progress, MessagePack, 4 bytes}
Send message {Progress, MessagePack, 4 bytes}
Send message {Progress, MessagePack, 4 bytes}
Send message {Progress, MessagePack, 4 bytes}
Send message {NodeScanStatus, MessagePack, 87 bytes}
Send message {NodeScanStatus, MessagePack, 83 bytes}
Send message {NodeScanStatus, MessagePack, 80 bytes}
Send message {NodeScanStatus, MessagePack, 82 bytes}
Send message {NodeScanStatus, MessagePack, 87 bytes}
Send message {NodeScanStatus, MessagePack, 77 bytes}
Send message {NodeScanStatus, MessagePack, 87 bytes}
Send message {NodeScanStatus, MessagePack, 86 bytes}
Send message {Progress, MessagePack, 4 bytes}
Send message {Progress, MessagePack, 4 bytes}
Send message {Progress, MessagePack, 4 bytes}
Send message {IssueDetected, MessagePack, 270 bytes}
Send message {NodeScanStatus, MessagePack, 87 bytes}
Send message {NodeScanStatus, MessagePack, 77 bytes}
Send message {NodeScanStatus, MessagePack, 87 bytes}
Send message {IssueDetected, MessagePack, 268 bytes}
Send message {NodeScanStatus, MessagePack, 81 bytes}
Send message {NodeScanStatus, MessagePack, 77 bytes}
Send message {NodeScanStatus, MessagePack, 82 bytes}
Send message {IssueDetected, MessagePack, 271 bytes}
Send message {Progress, MessagePack, 4 bytes}
Send message {IssueDetected, MessagePack, 262 bytes}
Send message {Progress, MessagePack, 4 bytes}
Send message {Progress, MessagePack, 4 bytes}
Send message {NodeScanStatus, MessagePack, 81 bytes}
Send message {Progress, MessagePack, 4 bytes}
Send message {NodeScanStatus, MessagePack, 82 bytes}
Send message {NodeScanStatus, MessagePack, 86 bytes}
Send message {NodeScanStatus, MessagePack, 77 bytes}
Send message {NodeScanStatus, MessagePack, 76 bytes}
Send message {NodeScanStatus, MessagePack, 91 bytes}
Send message {NodeScanStatus, MessagePack, 85 bytes}
Send message {Progress, MessagePack, 4 bytes}
Send message {Progress, MessagePack, 4 bytes}
Send message {Progress, MessagePack, 4 bytes}
Send message {NodeScanStatus, MessagePack, 76 bytes}
Send message {NodeScanStatus, MessagePack, 91 bytes}
Send message {NodeScanStatus, MessagePack, 85 bytes}
Send message {NodeScanStatus, MessagePack, 83 bytes}
Send message {Progress, MessagePack, 4 bytes}
Send message {NodeScanStatus, MessagePack, 83 bytes}
Send message {Progress, MessagePack, 4 bytes}
Send message {ScanDone, ByteArray, 0 bytes}
Elapsed time of the 'Scan' stage: 00:01:29.7833206
Send message {Progress, MessagePack, 4 bytes}
Send message {FinalizeDone, ByteArray, 0 bytes}
Elapsed time of the 'Finalize' stage: 00:00:00.0149285
