2024-10-28 13:18:54.990744 ║INFO	║ 6008	║ process file c:\Positive Technologies\AI\apps\Solidity\solidity-smoke-v2\rules
2024-10-28 13:18:54.995644 ║INFO	║ 6008	║ process file c:\Positive Technologies\AI\apps\Solidity\solidity-smoke-v2\rules\arbitrary-send-erc20-permit.yaml
2024-10-28 13:18:55.001308 ║INFO	║ 6008	║ process file c:\Positive Technologies\AI\apps\Solidity\solidity-smoke-v2\rules\arbitrary-send-erc20.yaml
2024-10-28 13:18:55.005402 ║INFO	║ 6008	║ process file c:\Positive Technologies\AI\apps\Solidity\solidity-smoke-v2\rules\assembly.yaml
2024-10-28 13:18:55.010780 ║INFO	║ 6008	║ process file c:\Positive Technologies\AI\apps\Solidity\solidity-smoke-v2\rules\assert-state-change.yaml
2024-10-28 13:18:55.016981 ║INFO	║ 6008	║ process file c:\Positive Technologies\AI\apps\Solidity\solidity-smoke-v2\rules\calls-loop.yaml
2024-10-28 13:18:55.020992 ║INFO	║ 6008	║ process file c:\Positive Technologies\AI\apps\Solidity\solidity-smoke-v2\rules\controlled-array-length.yaml
2024-10-28 13:18:55.026921 ║INFO	║ 6008	║ process file c:\Positive Technologies\AI\apps\Solidity\solidity-smoke-v2\rules\delegatecall-loop.yaml
2024-10-28 13:18:55.033646 ║INFO	║ 6008	║ process file c:\Positive Technologies\AI\apps\Solidity\solidity-smoke-v2\rules\divide-before-multiply.yaml
2024-10-28 13:18:55.039660 ║INFO	║ 6008	║ process file c:\Positive Technologies\AI\apps\Solidity\solidity-smoke-v2\rules\encode-packed-collision.yaml
2024-10-28 13:18:55.045676 ║INFO	║ 6008	║ process file c:\Positive Technologies\AI\apps\Solidity\solidity-smoke-v2\rules\erc20-indexed.yaml
2024-10-28 13:18:55.052694 ║INFO	║ 6008	║ process file c:\Positive Technologies\AI\apps\Solidity\solidity-smoke-v2\rules\erc20-interface.yaml
2024-10-28 13:18:55.058711 ║INFO	║ 6008	║ process file c:\Positive Technologies\AI\apps\Solidity\solidity-smoke-v2\rules\erc721-interface.yaml
2024-10-28 13:18:55.064724 ║INFO	║ 6008	║ process file c:\Positive Technologies\AI\apps\Solidity\solidity-smoke-v2\rules\incorrect-equality.yaml
2024-10-28 13:18:55.070740 ║INFO	║ 6008	║ process file c:\Positive Technologies\AI\apps\Solidity\solidity-smoke-v2\rules\incorrect-exp.yaml
2024-10-28 13:18:55.077261 ║INFO	║ 6008	║ process file c:\Positive Technologies\AI\apps\Solidity\solidity-smoke-v2\rules\incorrect-return.yaml
2024-10-28 13:18:55.084277 ║INFO	║ 6008	║ process file c:\Positive Technologies\AI\apps\Solidity\solidity-smoke-v2\rules\incorrect-shift.yaml
2024-10-28 13:18:55.089291 ║INFO	║ 6008	║ process file c:\Positive Technologies\AI\apps\Solidity\solidity-smoke-v2\rules\incorrect-unary.yaml
2024-10-28 13:18:55.095972 ║INFO	║ 6008	║ process file c:\Positive Technologies\AI\apps\Solidity\solidity-smoke-v2\rules\locked-ether.yaml
2024-10-28 13:18:55.100985 ║INFO	║ 6008	║ process file c:\Positive Technologies\AI\apps\Solidity\solidity-smoke-v2\rules\low-level-calls.yaml
2024-10-28 13:18:55.106656 ║INFO	║ 6008	║ process file c:\Positive Technologies\AI\apps\Solidity\solidity-smoke-v2\rules\missing-inheritance.yaml
2024-10-28 13:18:55.112670 ║INFO	║ 6008	║ process file c:\Positive Technologies\AI\apps\Solidity\solidity-smoke-v2\rules\msg-value-loop.yaml
2024-10-28 13:18:55.118152 ║INFO	║ 6008	║ process file c:\Positive Technologies\AI\apps\Solidity\solidity-smoke-v2\rules\multiple-constructors.yaml
2024-10-28 13:18:55.123766 ║INFO	║ 6008	║ process file c:\Positive Technologies\AI\apps\Solidity\solidity-smoke-v2\rules\name-reused.yaml
2024-10-28 13:18:55.129708 ║INFO	║ 6008	║ process file c:\Positive Technologies\AI\apps\Solidity\solidity-smoke-v2\rules\naming-convention.yaml
2024-10-28 13:18:55.135723 ║INFO	║ 6008	║ process file c:\Positive Technologies\AI\apps\Solidity\solidity-smoke-v2\rules\return-leave.yaml
2024-10-28 13:18:55.142742 ║INFO	║ 6008	║ process file c:\Positive Technologies\AI\apps\Solidity\solidity-smoke-v2\rules\rtlo.yaml
2024-10-28 13:18:55.147755 ║INFO	║ 6008	║ process file c:\Positive Technologies\AI\apps\Solidity\solidity-smoke-v2\rules\shadowing-abstract.yaml
2024-10-28 13:18:55.154397 ║INFO	║ 6008	║ process file c:\Positive Technologies\AI\apps\Solidity\solidity-smoke-v2\rules\shadowing-builtin.yaml
2024-10-28 13:18:55.160622 ║INFO	║ 6008	║ process file c:\Positive Technologies\AI\apps\Solidity\solidity-smoke-v2\rules\shadowing-state.yaml
2024-10-28 13:18:55.165886 ║INFO	║ 6008	║ process file c:\Positive Technologies\AI\apps\Solidity\solidity-smoke-v2\rules\solc-version.yaml
2024-10-28 13:18:55.172909 ║INFO	║ 6008	║ process file c:\Positive Technologies\AI\apps\Solidity\solidity-smoke-v2\rules\suicidal.yaml
2024-10-28 13:18:55.179557 ║INFO	║ 6008	║ process file c:\Positive Technologies\AI\apps\Solidity\solidity-smoke-v2\rules\tautological-compare.yaml
2024-10-28 13:18:55.184601 ║INFO	║ 6008	║ process file c:\Positive Technologies\AI\apps\Solidity\solidity-smoke-v2\rules\timestamp.yaml
2024-10-28 13:18:55.190685 ║INFO	║ 6008	║ process file c:\Positive Technologies\AI\apps\Solidity\solidity-smoke-v2\rules\too-many-digits.yaml
2024-10-28 13:18:55.195698 ║INFO	║ 6008	║ process file c:\Positive Technologies\AI\apps\Solidity\solidity-smoke-v2\rules\tx-origin.yaml
2024-10-28 13:18:55.202052 ║INFO	║ 6008	║ process file c:\Positive Technologies\AI\apps\Solidity\solidity-smoke-v2\rules\unchecked-low-level-call.yaml
2024-10-28 13:18:55.207566 ║INFO	║ 6008	║ process file c:\Positive Technologies\AI\apps\Solidity\solidity-smoke-v2\rules\unchecked-send.yaml
2024-10-28 13:18:55.212579 ║INFO	║ 6008	║ process file c:\Positive Technologies\AI\apps\Solidity\solidity-smoke-v2\rules\unchecked-transfer.yaml
2024-10-28 13:18:55.218049 ║INFO	║ 6008	║ process file c:\Positive Technologies\AI\apps\Solidity\solidity-smoke-v2\rules\uninitialized-local.yaml
2024-10-28 13:18:55.223665 ║INFO	║ 6008	║ process file c:\Positive Technologies\AI\apps\Solidity\solidity-smoke-v2\rules\uninitialized-state.yaml
2024-10-28 13:18:55.229553 ║INFO	║ 6008	║ process file c:\Positive Technologies\AI\apps\Solidity\solidity-smoke-v2\rules\var-read-using-this.yaml
2024-10-28 13:18:55.234989 ║INFO	║ 6008	║ process file c:\Positive Technologies\AI\apps\Solidity\solidity-smoke-v2\rules\void-cst.yaml
2024-10-28 13:18:55.246048 ║INFO	║ 6008	║ process file c:\Positive Technologies\AI\apps\Solidity\solidity-smoke-v2\rules\weak-prng.yaml
2024-10-28 13:18:55.255776 ║INFO	║ 6008	║ process file c:\Positive Technologies\AI\apps\Solidity\solidity-smoke-v2\abiencoderv2-array.sol
2024-10-28 13:18:55.261792 ║INFO	║ 6008	║ process file c:\Positive Technologies\AI\apps\Solidity\solidity-smoke-v2\arbitrary-send-erc20-permit.sol
2024-10-28 13:18:55.272819 ║INFO	║ 6008	║ process file c:\Positive Technologies\AI\apps\Solidity\solidity-smoke-v2\arbitrary-send-erc20.sol
2024-10-28 13:18:55.279377 ║INFO	║ 6008	║ process file c:\Positive Technologies\AI\apps\Solidity\solidity-smoke-v2\arbitrary-send-eth.sol
2024-10-28 13:18:55.285504 ║INFO	║ 6008	║ process file c:\Positive Technologies\AI\apps\Solidity\solidity-smoke-v2\array-by-reference.sol
2024-10-28 13:18:55.291520 ║INFO	║ 6008	║ process file c:\Positive Technologies\AI\apps\Solidity\solidity-smoke-v2\assembly.sol
2024-10-28 13:18:55.298470 ║INFO	║ 6008	║ process file c:\Positive Technologies\AI\apps\Solidity\solidity-smoke-v2\assert-state-change.sol
2024-10-28 13:18:55.304371 ║INFO	║ 6008	║ process file c:\Positive Technologies\AI\apps\Solidity\solidity-smoke-v2\boolean-cst.sol
2024-10-28 13:18:55.310427 ║INFO	║ 6008	║ process file c:\Positive Technologies\AI\apps\Solidity\solidity-smoke-v2\boolean-equal.sol
2024-10-28 13:18:55.317516 ║INFO	║ 6008	║ process file c:\Positive Technologies\AI\apps\Solidity\solidity-smoke-v2\calls-loop.sol
2024-10-28 13:18:55.324535 ║INFO	║ 6008	║ process file c:\Positive Technologies\AI\apps\Solidity\solidity-smoke-v2\constable-states.sol
2024-10-28 13:18:55.332553 ║INFO	║ 6008	║ process file c:\Positive Technologies\AI\apps\Solidity\solidity-smoke-v2\controlled-array-length.sol
2024-10-28 13:18:55.337566 ║INFO	║ 6008	║ process file c:\Positive Technologies\AI\apps\Solidity\solidity-smoke-v2\delegatecall-loop.sol
2024-10-28 13:18:55.343582 ║INFO	║ 6008	║ process file c:\Positive Technologies\AI\apps\Solidity\solidity-smoke-v2\divide-before-multiply.sol
2024-10-28 13:18:55.348097 ║INFO	║ 6008	║ process file c:\Positive Technologies\AI\apps\Solidity\solidity-smoke-v2\domain-separator-collision.sol
2024-10-28 13:18:55.353005 ║INFO	║ 6008	║ process file c:\Positive Technologies\AI\apps\Solidity\solidity-smoke-v2\encode-packed-collision.sol
2024-10-28 13:18:55.359641 ║INFO	║ 6008	║ process file c:\Positive Technologies\AI\apps\Solidity\solidity-smoke-v2\erc20-indexed.sol
2024-10-28 13:18:55.364652 ║INFO	║ 6008	║ process file c:\Positive Technologies\AI\apps\Solidity\solidity-smoke-v2\erc20-interface.sol
2024-10-28 13:18:55.369665 ║INFO	║ 6008	║ process file c:\Positive Technologies\AI\apps\Solidity\solidity-smoke-v2\erc721-interface.sol
2024-10-28 13:18:55.375681 ║INFO	║ 6008	║ process file c:\Positive Technologies\AI\apps\Solidity\solidity-smoke-v2\events-access.sol
2024-10-28 13:18:55.381196 ║INFO	║ 6008	║ process file c:\Positive Technologies\AI\apps\Solidity\solidity-smoke-v2\events-maths.sol
2024-10-28 13:18:55.386210 ║INFO	║ 6008	║ process file c:\Positive Technologies\AI\apps\Solidity\solidity-smoke-v2\external-function.sol
2024-10-28 13:18:55.391222 ║INFO	║ 6008	║ process file c:\Positive Technologies\AI\apps\Solidity\solidity-smoke-v2\function-init-state.sol
2024-10-28 13:18:55.397238 ║INFO	║ 6008	║ process file c:\Positive Technologies\AI\apps\Solidity\solidity-smoke-v2\IERC20.sol
2024-10-28 13:18:55.401959 ║INFO	║ 6008	║ process file c:\Positive Technologies\AI\apps\Solidity\solidity-smoke-v2\immutable-states.sol
2024-10-28 13:18:55.406975 ║INFO	║ 6008	║ process file c:\Positive Technologies\AI\apps\Solidity\solidity-smoke-v2\incorrect-equality.sol
2024-10-28 13:18:55.413530 ║INFO	║ 6008	║ process file c:\Positive Technologies\AI\apps\Solidity\solidity-smoke-v2\incorrect-exp.sol
2024-10-28 13:18:55.418543 ║INFO	║ 6008	║ process file c:\Positive Technologies\AI\apps\Solidity\solidity-smoke-v2\incorrect-modifier.sol
2024-10-28 13:18:55.424558 ║INFO	║ 6008	║ process file c:\Positive Technologies\AI\apps\Solidity\solidity-smoke-v2\incorrect-return.sol
2024-10-28 13:18:55.429572 ║INFO	║ 6008	║ process file c:\Positive Technologies\AI\apps\Solidity\solidity-smoke-v2\incorrect-shift.sol
2024-10-28 13:18:55.438595 ║INFO	║ 6008	║ process file c:\Positive Technologies\AI\apps\Solidity\solidity-smoke-v2\incorrect-unary.sol
2024-10-28 13:18:55.443990 ║INFO	║ 6008	║ process file c:\Positive Technologies\AI\apps\Solidity\solidity-smoke-v2\incorrect-using-for.sol
2024-10-28 13:18:55.452009 ║INFO	║ 6008	║ process file c:\Positive Technologies\AI\apps\Solidity\solidity-smoke-v2\locked-ether.sol
2024-10-28 13:18:55.457717 ║INFO	║ 6008	║ process file c:\Positive Technologies\AI\apps\Solidity\solidity-smoke-v2\low-level-calls.sol
2024-10-28 13:18:55.462686 ║INFO	║ 6008	║ process file c:\Positive Technologies\AI\apps\Solidity\solidity-smoke-v2\mapping-deletion.sol
2024-10-28 13:18:55.469351 ║INFO	║ 6008	║ process file c:\Positive Technologies\AI\apps\Solidity\solidity-smoke-v2\missing-inheritance.sol
2024-10-28 13:18:55.475640 ║INFO	║ 6008	║ process file c:\Positive Technologies\AI\apps\Solidity\solidity-smoke-v2\missing-zero-check.sol
2024-10-28 13:18:55.481110 ║INFO	║ 6008	║ process file c:\Positive Technologies\AI\apps\Solidity\solidity-smoke-v2\msg-value-loop.sol
2024-10-28 13:18:55.488052 ║INFO	║ 6008	║ process file c:\Positive Technologies\AI\apps\Solidity\solidity-smoke-v2\multiple-constructors.sol
2024-10-28 13:18:55.494639 ║INFO	║ 6008	║ process file c:\Positive Technologies\AI\apps\Solidity\solidity-smoke-v2\name-reused.sol
2024-10-28 13:18:55.501682 ║INFO	║ 6008	║ process file c:\Positive Technologies\AI\apps\Solidity\solidity-smoke-v2\naming-convention.sol
2024-10-28 13:18:55.508117 ║INFO	║ 6008	║ process file c:\Positive Technologies\AI\apps\Solidity\solidity-smoke-v2\protected-vars.sol
2024-10-28 13:18:55.514675 ║INFO	║ 6008	║ process file c:\Positive Technologies\AI\apps\Solidity\solidity-smoke-v2\reentrancy-eth.sol
2024-10-28 13:18:55.521496 ║INFO	║ 6008	║ process file c:\Positive Technologies\AI\apps\Solidity\solidity-smoke-v2\return-leave.sol
2024-10-28 13:18:55.528054 ║INFO	║ 6008	║ process file c:\Positive Technologies\AI\apps\Solidity\solidity-smoke-v2\reused-constructor.sol
2024-10-28 13:18:55.537874 ║INFO	║ 6008	║ process file c:\Positive Technologies\AI\apps\Solidity\solidity-smoke-v2\rtlo.sol
2024-10-28 13:18:55.544812 ║INFO	║ 6008	║ process file c:\Positive Technologies\AI\apps\Solidity\solidity-smoke-v2\shadowing-builtin.sol
2024-10-28 13:18:55.551631 ║INFO	║ 6008	║ process file c:\Positive Technologies\AI\apps\Solidity\solidity-smoke-v2\shadowing-local.sol
2024-10-28 13:18:55.558323 ║INFO	║ 6008	║ process file c:\Positive Technologies\AI\apps\Solidity\solidity-smoke-v2\shadowing-state.sol
2024-10-28 13:18:55.564334 ║INFO	║ 6008	║ process file c:\Positive Technologies\AI\apps\Solidity\solidity-smoke-v2\solc-version.sol
2024-10-28 13:18:55.573389 ║INFO	║ 6008	║ process file c:\Positive Technologies\AI\apps\Solidity\solidity-smoke-v2\suicidal.sol
2024-10-28 13:18:55.582928 ║INFO	║ 6008	║ process file c:\Positive Technologies\AI\apps\Solidity\solidity-smoke-v2\tautological-compare.sol
2024-10-28 13:18:55.588875 ║INFO	║ 6008	║ process file c:\Positive Technologies\AI\apps\Solidity\solidity-smoke-v2\tautology.sol
2024-10-28 13:18:55.594456 ║INFO	║ 6008	║ process file c:\Positive Technologies\AI\apps\Solidity\solidity-smoke-v2\timestamp.sol
2024-10-28 13:18:55.600677 ║INFO	║ 6008	║ process file c:\Positive Technologies\AI\apps\Solidity\solidity-smoke-v2\too-many-digits.sol
2024-10-28 13:18:55.608251 ║INFO	║ 6008	║ process file c:\Positive Technologies\AI\apps\Solidity\solidity-smoke-v2\tx-origin.sol
2024-10-28 13:18:55.614266 ║INFO	║ 6008	║ process file c:\Positive Technologies\AI\apps\Solidity\solidity-smoke-v2\unchecked-low-level-call.sol
2024-10-28 13:18:55.621285 ║INFO	║ 6008	║ process file c:\Positive Technologies\AI\apps\Solidity\solidity-smoke-v2\unchecked-send.sol
2024-10-28 13:18:55.627023 ║INFO	║ 6008	║ process file c:\Positive Technologies\AI\apps\Solidity\solidity-smoke-v2\unchecked-transfer.sol
2024-10-28 13:18:55.634400 ║INFO	║ 6008	║ process file c:\Positive Technologies\AI\apps\Solidity\solidity-smoke-v2\unimplemented-functions.sol
2024-10-28 13:18:55.640620 ║INFO	║ 6008	║ process file c:\Positive Technologies\AI\apps\Solidity\solidity-smoke-v2\uninitialized-local.sol
2024-10-28 13:18:55.648210 ║INFO	║ 6008	║ process file c:\Positive Technologies\AI\apps\Solidity\solidity-smoke-v2\uninitialized-state.sol
2024-10-28 13:18:55.655773 ║INFO	║ 6008	║ process file c:\Positive Technologies\AI\apps\Solidity\solidity-smoke-v2\unprotected-upgrade.sol
2024-10-28 13:18:55.665157 ║INFO	║ 6008	║ process file c:\Positive Technologies\AI\apps\Solidity\solidity-smoke-v2\unused-import.sol
2024-10-28 13:18:55.671991 ║INFO	║ 6008	║ process file c:\Positive Technologies\AI\apps\Solidity\solidity-smoke-v2\unused-state.sol
2024-10-28 13:18:55.680170 ║INFO	║ 6008	║ process file c:\Positive Technologies\AI\apps\Solidity\solidity-smoke-v2\var-read-using-this.sol
2024-10-28 13:18:55.688951 ║INFO	║ 6008	║ process file c:\Positive Technologies\AI\apps\Solidity\solidity-smoke-v2\variable-scope.sol
2024-10-28 13:18:55.699080 ║INFO	║ 6008	║ process file c:\Positive Technologies\AI\apps\Solidity\solidity-smoke-v2\void-cst.sol
2024-10-28 13:18:55.705751 ║INFO	║ 6008	║ process file c:\Positive Technologies\AI\apps\Solidity\solidity-smoke-v2\weak-prng.sol
2024-10-28 13:18:55.714057 ║INFO	║ 6008	║ process file c:\Positive Technologies\AI\apps\Solidity\solidity-smoke-v2\write-after-write.sol
2024-10-28 13:18:55.723485 ║INFO	║ 6008	║ process file c:\Positive Technologies\AI\apps\Solidity\solidity-smoke-v2\_reentrancy-eth.sol
2024-10-28 13:18:55.730609 ║INFO	║ 6008	║ process file c:\Positive Technologies\AI\apps\Solidity\solidity-smoke-v2
2024-10-28 13:19:56.785246 ║INFO	║ 6008	║ Finalize
2024-10-28 13:19:56.791630 ║INFO	║ 6008	║ Finalize done
2024-10-28 13:46:22.876150 ║INFO	║ 5180	║ process file c:\Positive Technologies\AI\apps\Solidity\solidity-smoke-v2\rules
2024-10-28 13:46:22.883016 ║INFO	║ 5180	║ process file c:\Positive Technologies\AI\apps\Solidity\solidity-smoke-v2\rules\arbitrary-send-erc20-permit.yaml
2024-10-28 13:46:22.889972 ║INFO	║ 5180	║ process file c:\Positive Technologies\AI\apps\Solidity\solidity-smoke-v2\rules\arbitrary-send-erc20.yaml
2024-10-28 13:46:22.900317 ║INFO	║ 5180	║ process file c:\Positive Technologies\AI\apps\Solidity\solidity-smoke-v2\rules\assembly.yaml
2024-10-28 13:46:22.910036 ║INFO	║ 5180	║ process file c:\Positive Technologies\AI\apps\Solidity\solidity-smoke-v2\rules\assert-state-change.yaml
2024-10-28 13:46:22.917822 ║INFO	║ 5180	║ process file c:\Positive Technologies\AI\apps\Solidity\solidity-smoke-v2\rules\calls-loop.yaml
2024-10-28 13:46:22.929203 ║INFO	║ 5180	║ process file c:\Positive Technologies\AI\apps\Solidity\solidity-smoke-v2\rules\controlled-array-length.yaml
2024-10-28 13:46:22.936028 ║INFO	║ 5180	║ process file c:\Positive Technologies\AI\apps\Solidity\solidity-smoke-v2\rules\delegatecall-loop.yaml
2024-10-28 13:46:22.942060 ║INFO	║ 5180	║ process file c:\Positive Technologies\AI\apps\Solidity\solidity-smoke-v2\rules\divide-before-multiply.yaml
2024-10-28 13:46:22.947073 ║INFO	║ 5180	║ process file c:\Positive Technologies\AI\apps\Solidity\solidity-smoke-v2\rules\encode-packed-collision.yaml
2024-10-28 13:46:22.953089 ║INFO	║ 5180	║ process file c:\Positive Technologies\AI\apps\Solidity\solidity-smoke-v2\rules\erc20-indexed.yaml
2024-10-28 13:46:22.959104 ║INFO	║ 5180	║ process file c:\Positive Technologies\AI\apps\Solidity\solidity-smoke-v2\rules\erc20-interface.yaml
2024-10-28 13:46:22.965120 ║INFO	║ 5180	║ process file c:\Positive Technologies\AI\apps\Solidity\solidity-smoke-v2\rules\erc721-interface.yaml
2024-10-28 13:46:22.971192 ║INFO	║ 5180	║ process file c:\Positive Technologies\AI\apps\Solidity\solidity-smoke-v2\rules\incorrect-equality.yaml
2024-10-28 13:46:22.977205 ║INFO	║ 5180	║ process file c:\Positive Technologies\AI\apps\Solidity\solidity-smoke-v2\rules\incorrect-exp.yaml
2024-10-28 13:46:22.983221 ║INFO	║ 5180	║ process file c:\Positive Technologies\AI\apps\Solidity\solidity-smoke-v2\rules\incorrect-return.yaml
2024-10-28 13:46:22.989236 ║INFO	║ 5180	║ process file c:\Positive Technologies\AI\apps\Solidity\solidity-smoke-v2\rules\incorrect-shift.yaml
2024-10-28 13:46:22.994484 ║INFO	║ 5180	║ process file c:\Positive Technologies\AI\apps\Solidity\solidity-smoke-v2\rules\incorrect-unary.yaml
2024-10-28 13:46:22.999498 ║INFO	║ 5180	║ process file c:\Positive Technologies\AI\apps\Solidity\solidity-smoke-v2\rules\locked-ether.yaml
2024-10-28 13:46:23.005966 ║INFO	║ 5180	║ process file c:\Positive Technologies\AI\apps\Solidity\solidity-smoke-v2\rules\low-level-calls.yaml
2024-10-28 13:46:23.010979 ║INFO	║ 5180	║ process file c:\Positive Technologies\AI\apps\Solidity\solidity-smoke-v2\rules\missing-inheritance.yaml
2024-10-28 13:46:23.016995 ║INFO	║ 5180	║ process file c:\Positive Technologies\AI\apps\Solidity\solidity-smoke-v2\rules\msg-value-loop.yaml
2024-10-28 13:46:23.022008 ║INFO	║ 5180	║ process file c:\Positive Technologies\AI\apps\Solidity\solidity-smoke-v2\rules\multiple-constructors.yaml
2024-10-28 13:46:23.028023 ║INFO	║ 5180	║ process file c:\Positive Technologies\AI\apps\Solidity\solidity-smoke-v2\rules\name-reused.yaml
2024-10-28 13:46:23.033061 ║INFO	║ 5180	║ process file c:\Positive Technologies\AI\apps\Solidity\solidity-smoke-v2\rules\naming-convention.yaml
2024-10-28 13:46:23.039202 ║INFO	║ 5180	║ process file c:\Positive Technologies\AI\apps\Solidity\solidity-smoke-v2\rules\return-leave.yaml
2024-10-28 13:46:23.044281 ║INFO	║ 5180	║ process file c:\Positive Technologies\AI\apps\Solidity\solidity-smoke-v2\rules\rtlo.yaml
2024-10-28 13:46:23.050044 ║INFO	║ 5180	║ process file c:\Positive Technologies\AI\apps\Solidity\solidity-smoke-v2\rules\shadowing-abstract.yaml
2024-10-28 13:46:23.056060 ║INFO	║ 5180	║ process file c:\Positive Technologies\AI\apps\Solidity\solidity-smoke-v2\rules\shadowing-builtin.yaml
2024-10-28 13:46:23.062740 ║INFO	║ 5180	║ process file c:\Positive Technologies\AI\apps\Solidity\solidity-smoke-v2\rules\shadowing-state.yaml
2024-10-28 13:46:23.068590 ║INFO	║ 5180	║ process file c:\Positive Technologies\AI\apps\Solidity\solidity-smoke-v2\rules\solc-version.yaml
2024-10-28 13:46:23.074603 ║INFO	║ 5180	║ process file c:\Positive Technologies\AI\apps\Solidity\solidity-smoke-v2\rules\suicidal.yaml
2024-10-28 13:46:23.080619 ║INFO	║ 5180	║ process file c:\Positive Technologies\AI\apps\Solidity\solidity-smoke-v2\rules\tautological-compare.yaml
2024-10-28 13:46:23.086634 ║INFO	║ 5180	║ process file c:\Positive Technologies\AI\apps\Solidity\solidity-smoke-v2\rules\timestamp.yaml
2024-10-28 13:46:23.092485 ║INFO	║ 5180	║ process file c:\Positive Technologies\AI\apps\Solidity\solidity-smoke-v2\rules\too-many-digits.yaml
2024-10-28 13:46:23.098500 ║INFO	║ 5180	║ process file c:\Positive Technologies\AI\apps\Solidity\solidity-smoke-v2\rules\tx-origin.yaml
2024-10-28 13:46:23.103513 ║INFO	║ 5180	║ process file c:\Positive Technologies\AI\apps\Solidity\solidity-smoke-v2\rules\unchecked-low-level-call.yaml
2024-10-28 13:46:23.109530 ║INFO	║ 5180	║ process file c:\Positive Technologies\AI\apps\Solidity\solidity-smoke-v2\rules\unchecked-send.yaml
2024-10-28 13:46:23.114542 ║INFO	║ 5180	║ process file c:\Positive Technologies\AI\apps\Solidity\solidity-smoke-v2\rules\unchecked-transfer.yaml
2024-10-28 13:46:23.119555 ║INFO	║ 5180	║ process file c:\Positive Technologies\AI\apps\Solidity\solidity-smoke-v2\rules\uninitialized-local.yaml
2024-10-28 13:46:23.124575 ║INFO	║ 5180	║ process file c:\Positive Technologies\AI\apps\Solidity\solidity-smoke-v2\rules\uninitialized-state.yaml
2024-10-28 13:46:23.130563 ║INFO	║ 5180	║ process file c:\Positive Technologies\AI\apps\Solidity\solidity-smoke-v2\rules\var-read-using-this.yaml
2024-10-28 13:46:23.136197 ║INFO	║ 5180	║ process file c:\Positive Technologies\AI\apps\Solidity\solidity-smoke-v2\rules\void-cst.yaml
2024-10-28 13:46:23.140215 ║INFO	║ 5180	║ process file c:\Positive Technologies\AI\apps\Solidity\solidity-smoke-v2\rules\weak-prng.yaml
2024-10-28 13:46:23.146301 ║INFO	║ 5180	║ process file c:\Positive Technologies\AI\apps\Solidity\solidity-smoke-v2\abiencoderv2-array.sol
2024-10-28 13:46:23.151314 ║INFO	║ 5180	║ process file c:\Positive Technologies\AI\apps\Solidity\solidity-smoke-v2\arbitrary-send-erc20-permit.sol
2024-10-28 13:46:23.156327 ║INFO	║ 5180	║ process file c:\Positive Technologies\AI\apps\Solidity\solidity-smoke-v2\arbitrary-send-erc20.sol
2024-10-28 13:46:23.165350 ║INFO	║ 5180	║ process file c:\Positive Technologies\AI\apps\Solidity\solidity-smoke-v2\arbitrary-send-eth.sol
2024-10-28 13:46:23.173407 ║INFO	║ 5180	║ process file c:\Positive Technologies\AI\apps\Solidity\solidity-smoke-v2\array-by-reference.sol
2024-10-28 13:46:23.178418 ║INFO	║ 5180	║ process file c:\Positive Technologies\AI\apps\Solidity\solidity-smoke-v2\assembly.sol
2024-10-28 13:46:23.183431 ║INFO	║ 5180	║ process file c:\Positive Technologies\AI\apps\Solidity\solidity-smoke-v2\assert-state-change.sol
2024-10-28 13:46:23.190512 ║INFO	║ 5180	║ process file c:\Positive Technologies\AI\apps\Solidity\solidity-smoke-v2\boolean-cst.sol
2024-10-28 13:46:23.196016 ║INFO	║ 5180	║ process file c:\Positive Technologies\AI\apps\Solidity\solidity-smoke-v2\boolean-equal.sol
2024-10-28 13:46:23.201206 ║INFO	║ 5180	║ process file c:\Positive Technologies\AI\apps\Solidity\solidity-smoke-v2\calls-loop.sol
2024-10-28 13:46:23.207306 ║INFO	║ 5180	║ process file c:\Positive Technologies\AI\apps\Solidity\solidity-smoke-v2\constable-states.sol
2024-10-28 13:46:23.212319 ║INFO	║ 5180	║ process file c:\Positive Technologies\AI\apps\Solidity\solidity-smoke-v2\controlled-array-length.sol
2024-10-28 13:46:23.217833 ║INFO	║ 5180	║ process file c:\Positive Technologies\AI\apps\Solidity\solidity-smoke-v2\delegatecall-loop.sol
2024-10-28 13:46:23.221949 ║INFO	║ 5180	║ process file c:\Positive Technologies\AI\apps\Solidity\solidity-smoke-v2\divide-before-multiply.sol
2024-10-28 13:46:23.227966 ║INFO	║ 5180	║ process file c:\Positive Technologies\AI\apps\Solidity\solidity-smoke-v2\domain-separator-collision.sol
2024-10-28 13:46:23.232977 ║INFO	║ 5180	║ process file c:\Positive Technologies\AI\apps\Solidity\solidity-smoke-v2\encode-packed-collision.sol
2024-10-28 13:46:23.237585 ║INFO	║ 5180	║ process file c:\Positive Technologies\AI\apps\Solidity\solidity-smoke-v2\erc20-indexed.sol
2024-10-28 13:46:23.243344 ║INFO	║ 5180	║ process file c:\Positive Technologies\AI\apps\Solidity\solidity-smoke-v2\erc20-interface.sol
2024-10-28 13:46:23.247204 ║INFO	║ 5180	║ process file c:\Positive Technologies\AI\apps\Solidity\solidity-smoke-v2\erc721-interface.sol
2024-10-28 13:46:23.252697 ║INFO	║ 5180	║ process file c:\Positive Technologies\AI\apps\Solidity\solidity-smoke-v2\events-access.sol
2024-10-28 13:46:23.257711 ║INFO	║ 5180	║ process file c:\Positive Technologies\AI\apps\Solidity\solidity-smoke-v2\events-maths.sol
2024-10-28 13:46:23.264729 ║INFO	║ 5180	║ process file c:\Positive Technologies\AI\apps\Solidity\solidity-smoke-v2\external-function.sol
2024-10-28 13:46:23.269652 ║INFO	║ 5180	║ process file c:\Positive Technologies\AI\apps\Solidity\solidity-smoke-v2\function-init-state.sol
2024-10-28 13:46:23.275204 ║INFO	║ 5180	║ process file c:\Positive Technologies\AI\apps\Solidity\solidity-smoke-v2\IERC20.sol
2024-10-28 13:46:23.279720 ║INFO	║ 5180	║ process file c:\Positive Technologies\AI\apps\Solidity\solidity-smoke-v2\immutable-states.sol
2024-10-28 13:46:23.287247 ║INFO	║ 5180	║ process file c:\Positive Technologies\AI\apps\Solidity\solidity-smoke-v2\incorrect-equality.sol
2024-10-28 13:46:23.292766 ║INFO	║ 5180	║ process file c:\Positive Technologies\AI\apps\Solidity\solidity-smoke-v2\incorrect-exp.sol
2024-10-28 13:46:23.297780 ║INFO	║ 5180	║ process file c:\Positive Technologies\AI\apps\Solidity\solidity-smoke-v2\incorrect-modifier.sol
2024-10-28 13:46:23.302793 ║INFO	║ 5180	║ process file c:\Positive Technologies\AI\apps\Solidity\solidity-smoke-v2\incorrect-return.sol
2024-10-28 13:46:23.308808 ║INFO	║ 5180	║ process file c:\Positive Technologies\AI\apps\Solidity\solidity-smoke-v2\incorrect-shift.sol
2024-10-28 13:46:23.314948 ║INFO	║ 5180	║ process file c:\Positive Technologies\AI\apps\Solidity\solidity-smoke-v2\incorrect-unary.sol
2024-10-28 13:46:23.320872 ║INFO	║ 5180	║ process file c:\Positive Technologies\AI\apps\Solidity\solidity-smoke-v2\incorrect-using-for.sol
2024-10-28 13:46:23.326376 ║INFO	║ 5180	║ process file c:\Positive Technologies\AI\apps\Solidity\solidity-smoke-v2\locked-ether.sol
2024-10-28 13:46:23.332637 ║INFO	║ 5180	║ process file c:\Positive Technologies\AI\apps\Solidity\solidity-smoke-v2\low-level-calls.sol
2024-10-28 13:46:23.337280 ║INFO	║ 5180	║ process file c:\Positive Technologies\AI\apps\Solidity\solidity-smoke-v2\mapping-deletion.sol
2024-10-28 13:46:23.345268 ║INFO	║ 5180	║ process file c:\Positive Technologies\AI\apps\Solidity\solidity-smoke-v2\missing-inheritance.sol
2024-10-28 13:46:23.353103 ║INFO	║ 5180	║ process file c:\Positive Technologies\AI\apps\Solidity\solidity-smoke-v2\missing-zero-check.sol
2024-10-28 13:46:23.360691 ║INFO	║ 5180	║ process file c:\Positive Technologies\AI\apps\Solidity\solidity-smoke-v2\msg-value-loop.sol
2024-10-28 13:46:23.366444 ║INFO	║ 5180	║ process file c:\Positive Technologies\AI\apps\Solidity\solidity-smoke-v2\multiple-constructors.sol
2024-10-28 13:46:23.371894 ║INFO	║ 5180	║ process file c:\Positive Technologies\AI\apps\Solidity\solidity-smoke-v2\name-reused.sol
2024-10-28 13:46:23.378665 ║INFO	║ 5180	║ process file c:\Positive Technologies\AI\apps\Solidity\solidity-smoke-v2\naming-convention.sol
2024-10-28 13:46:23.387621 ║INFO	║ 5180	║ process file c:\Positive Technologies\AI\apps\Solidity\solidity-smoke-v2\protected-vars.sol
2024-10-28 13:46:23.394678 ║INFO	║ 5180	║ process file c:\Positive Technologies\AI\apps\Solidity\solidity-smoke-v2\reentrancy-eth.sol
2024-10-28 13:46:23.401716 ║INFO	║ 5180	║ process file c:\Positive Technologies\AI\apps\Solidity\solidity-smoke-v2\return-leave.sol
2024-10-28 13:46:23.409699 ║INFO	║ 5180	║ process file c:\Positive Technologies\AI\apps\Solidity\solidity-smoke-v2\reused-constructor.sol
2024-10-28 13:46:23.416235 ║INFO	║ 5180	║ process file c:\Positive Technologies\AI\apps\Solidity\solidity-smoke-v2\rtlo.sol
2024-10-28 13:46:23.422753 ║INFO	║ 5180	║ process file c:\Positive Technologies\AI\apps\Solidity\solidity-smoke-v2\shadowing-builtin.sol
2024-10-28 13:46:23.428909 ║INFO	║ 5180	║ process file c:\Positive Technologies\AI\apps\Solidity\solidity-smoke-v2\shadowing-local.sol
2024-10-28 13:46:23.436131 ║INFO	║ 5180	║ process file c:\Positive Technologies\AI\apps\Solidity\solidity-smoke-v2\shadowing-state.sol
2024-10-28 13:46:23.441184 ║INFO	║ 5180	║ process file c:\Positive Technologies\AI\apps\Solidity\solidity-smoke-v2\solc-version.sol
2024-10-28 13:46:23.449902 ║INFO	║ 5180	║ process file c:\Positive Technologies\AI\apps\Solidity\solidity-smoke-v2\suicidal.sol
2024-10-28 13:46:23.458441 ║INFO	║ 5180	║ process file c:\Positive Technologies\AI\apps\Solidity\solidity-smoke-v2\tautological-compare.sol
2024-10-28 13:46:23.464476 ║INFO	║ 5180	║ process file c:\Positive Technologies\AI\apps\Solidity\solidity-smoke-v2\tautology.sol
2024-10-28 13:46:23.470541 ║INFO	║ 5180	║ process file c:\Positive Technologies\AI\apps\Solidity\solidity-smoke-v2\timestamp.sol
2024-10-28 13:46:23.476555 ║INFO	║ 5180	║ process file c:\Positive Technologies\AI\apps\Solidity\solidity-smoke-v2\too-many-digits.sol
2024-10-28 13:46:23.483574 ║INFO	║ 5180	║ process file c:\Positive Technologies\AI\apps\Solidity\solidity-smoke-v2\tx-origin.sol
2024-10-28 13:46:23.490093 ║INFO	║ 5180	║ process file c:\Positive Technologies\AI\apps\Solidity\solidity-smoke-v2\unchecked-low-level-call.sol
2024-10-28 13:46:23.496149 ║INFO	║ 5180	║ process file c:\Positive Technologies\AI\apps\Solidity\solidity-smoke-v2\unchecked-send.sol
2024-10-28 13:46:23.501783 ║INFO	║ 5180	║ process file c:\Positive Technologies\AI\apps\Solidity\solidity-smoke-v2\unchecked-transfer.sol
2024-10-28 13:46:23.507523 ║INFO	║ 5180	║ process file c:\Positive Technologies\AI\apps\Solidity\solidity-smoke-v2\unimplemented-functions.sol
2024-10-28 13:46:23.513764 ║INFO	║ 5180	║ process file c:\Positive Technologies\AI\apps\Solidity\solidity-smoke-v2\uninitialized-local.sol
2024-10-28 13:46:23.519952 ║INFO	║ 5180	║ process file c:\Positive Technologies\AI\apps\Solidity\solidity-smoke-v2\uninitialized-state.sol
2024-10-28 13:46:23.525495 ║INFO	║ 5180	║ process file c:\Positive Technologies\AI\apps\Solidity\solidity-smoke-v2\unprotected-upgrade.sol
2024-10-28 13:46:23.532505 ║INFO	║ 5180	║ process file c:\Positive Technologies\AI\apps\Solidity\solidity-smoke-v2\unused-import.sol
2024-10-28 13:46:23.538651 ║INFO	║ 5180	║ process file c:\Positive Technologies\AI\apps\Solidity\solidity-smoke-v2\unused-state.sol
2024-10-28 13:46:23.545425 ║INFO	║ 5180	║ process file c:\Positive Technologies\AI\apps\Solidity\solidity-smoke-v2\var-read-using-this.sol
2024-10-28 13:46:23.551538 ║INFO	║ 5180	║ process file c:\Positive Technologies\AI\apps\Solidity\solidity-smoke-v2\variable-scope.sol
2024-10-28 13:46:23.557207 ║INFO	║ 5180	║ process file c:\Positive Technologies\AI\apps\Solidity\solidity-smoke-v2\void-cst.sol
2024-10-28 13:46:23.562905 ║INFO	║ 5180	║ process file c:\Positive Technologies\AI\apps\Solidity\solidity-smoke-v2\weak-prng.sol
2024-10-28 13:46:23.570022 ║INFO	║ 5180	║ process file c:\Positive Technologies\AI\apps\Solidity\solidity-smoke-v2\write-after-write.sol
2024-10-28 13:46:23.575561 ║INFO	║ 5180	║ process file c:\Positive Technologies\AI\apps\Solidity\solidity-smoke-v2\_reentrancy-eth.sol
2024-10-28 13:46:23.582577 ║INFO	║ 5180	║ process file c:\Positive Technologies\AI\apps\Solidity\solidity-smoke-v2
2024-10-28 13:47:24.133777 ║INFO	║ 5180	║ Finalize
2024-10-28 13:47:24.143477 ║INFO	║ 5180	║ Finalize done
2024-10-28 13:58:16.966954 ║INFO	║ 4352	║ process file c:\Positive Technologies\AI\apps\Solidity\solidity-smoke-v2\rules
2024-10-28 13:58:16.977039 ║INFO	║ 4352	║ process file c:\Positive Technologies\AI\apps\Solidity\solidity-smoke-v2\rules\arbitrary-send-erc20-permit.yaml
2024-10-28 13:58:16.984742 ║INFO	║ 4352	║ process file c:\Positive Technologies\AI\apps\Solidity\solidity-smoke-v2\rules\arbitrary-send-erc20.yaml
2024-10-28 13:58:16.990964 ║INFO	║ 4352	║ process file c:\Positive Technologies\AI\apps\Solidity\solidity-smoke-v2\rules\assembly.yaml
2024-10-28 13:58:16.995984 ║INFO	║ 4352	║ process file c:\Positive Technologies\AI\apps\Solidity\solidity-smoke-v2\rules\assert-state-change.yaml
2024-10-28 13:58:17.003166 ║INFO	║ 4352	║ process file c:\Positive Technologies\AI\apps\Solidity\solidity-smoke-v2\rules\calls-loop.yaml
2024-10-28 13:58:17.011921 ║INFO	║ 4352	║ process file c:\Positive Technologies\AI\apps\Solidity\solidity-smoke-v2\rules\controlled-array-length.yaml
2024-10-28 13:58:17.019631 ║INFO	║ 4352	║ process file c:\Positive Technologies\AI\apps\Solidity\solidity-smoke-v2\rules\delegatecall-loop.yaml
2024-10-28 13:58:17.025841 ║INFO	║ 4352	║ process file c:\Positive Technologies\AI\apps\Solidity\solidity-smoke-v2\rules\divide-before-multiply.yaml
2024-10-28 13:58:17.031983 ║INFO	║ 4352	║ process file c:\Positive Technologies\AI\apps\Solidity\solidity-smoke-v2\rules\encode-packed-collision.yaml
2024-10-28 13:58:17.038477 ║INFO	║ 4352	║ process file c:\Positive Technologies\AI\apps\Solidity\solidity-smoke-v2\rules\erc20-indexed.yaml
2024-10-28 13:58:17.046252 ║INFO	║ 4352	║ process file c:\Positive Technologies\AI\apps\Solidity\solidity-smoke-v2\rules\erc20-interface.yaml
2024-10-28 13:58:17.054294 ║INFO	║ 4352	║ process file c:\Positive Technologies\AI\apps\Solidity\solidity-smoke-v2\rules\erc721-interface.yaml
2024-10-28 13:58:17.059484 ║INFO	║ 4352	║ process file c:\Positive Technologies\AI\apps\Solidity\solidity-smoke-v2\rules\incorrect-equality.yaml
2024-10-28 13:58:17.064497 ║INFO	║ 4352	║ process file c:\Positive Technologies\AI\apps\Solidity\solidity-smoke-v2\rules\incorrect-exp.yaml
2024-10-28 13:58:17.069510 ║INFO	║ 4352	║ process file c:\Positive Technologies\AI\apps\Solidity\solidity-smoke-v2\rules\incorrect-return.yaml
2024-10-28 13:58:17.075190 ║INFO	║ 4352	║ process file c:\Positive Technologies\AI\apps\Solidity\solidity-smoke-v2\rules\incorrect-shift.yaml
2024-10-28 13:58:17.080595 ║INFO	║ 4352	║ process file c:\Positive Technologies\AI\apps\Solidity\solidity-smoke-v2\rules\incorrect-unary.yaml
2024-10-28 13:58:17.088184 ║INFO	║ 4352	║ process file c:\Positive Technologies\AI\apps\Solidity\solidity-smoke-v2\rules\locked-ether.yaml
2024-10-28 13:58:17.093864 ║INFO	║ 4352	║ process file c:\Positive Technologies\AI\apps\Solidity\solidity-smoke-v2\rules\low-level-calls.yaml
2024-10-28 13:58:17.099033 ║INFO	║ 4352	║ process file c:\Positive Technologies\AI\apps\Solidity\solidity-smoke-v2\rules\missing-inheritance.yaml
2024-10-28 13:58:17.103099 ║INFO	║ 4352	║ process file c:\Positive Technologies\AI\apps\Solidity\solidity-smoke-v2\rules\msg-value-loop.yaml
2024-10-28 13:58:17.109205 ║INFO	║ 4352	║ process file c:\Positive Technologies\AI\apps\Solidity\solidity-smoke-v2\rules\multiple-constructors.yaml
2024-10-28 13:58:17.114238 ║INFO	║ 4352	║ process file c:\Positive Technologies\AI\apps\Solidity\solidity-smoke-v2\rules\name-reused.yaml
2024-10-28 13:58:17.119243 ║INFO	║ 4352	║ process file c:\Positive Technologies\AI\apps\Solidity\solidity-smoke-v2\rules\naming-convention.yaml
2024-10-28 13:58:17.125893 ║INFO	║ 4352	║ process file c:\Positive Technologies\AI\apps\Solidity\solidity-smoke-v2\rules\return-leave.yaml
2024-10-28 13:58:17.131135 ║INFO	║ 4352	║ process file c:\Positive Technologies\AI\apps\Solidity\solidity-smoke-v2\rules\rtlo.yaml
2024-10-28 13:58:17.139577 ║INFO	║ 4352	║ process file c:\Positive Technologies\AI\apps\Solidity\solidity-smoke-v2\rules\shadowing-abstract.yaml
2024-10-28 13:58:17.145636 ║INFO	║ 4352	║ process file c:\Positive Technologies\AI\apps\Solidity\solidity-smoke-v2\rules\shadowing-builtin.yaml
2024-10-28 13:58:17.150644 ║INFO	║ 4352	║ process file c:\Positive Technologies\AI\apps\Solidity\solidity-smoke-v2\rules\shadowing-state.yaml
2024-10-28 13:58:17.156429 ║INFO	║ 4352	║ process file c:\Positive Technologies\AI\apps\Solidity\solidity-smoke-v2\rules\solc-version.yaml
2024-10-28 13:58:17.162718 ║INFO	║ 4352	║ process file c:\Positive Technologies\AI\apps\Solidity\solidity-smoke-v2\rules\suicidal.yaml
2024-10-28 13:58:17.167730 ║INFO	║ 4352	║ process file c:\Positive Technologies\AI\apps\Solidity\solidity-smoke-v2\rules\tautological-compare.yaml
2024-10-28 13:58:17.174848 ║INFO	║ 4352	║ process file c:\Positive Technologies\AI\apps\Solidity\solidity-smoke-v2\rules\timestamp.yaml
2024-10-28 13:58:17.181004 ║INFO	║ 4352	║ process file c:\Positive Technologies\AI\apps\Solidity\solidity-smoke-v2\rules\too-many-digits.yaml
2024-10-28 13:58:17.187171 ║INFO	║ 4352	║ process file c:\Positive Technologies\AI\apps\Solidity\solidity-smoke-v2\rules\tx-origin.yaml
2024-10-28 13:58:17.193194 ║INFO	║ 4352	║ process file c:\Positive Technologies\AI\apps\Solidity\solidity-smoke-v2\rules\unchecked-low-level-call.yaml
2024-10-28 13:58:17.200022 ║INFO	║ 4352	║ process file c:\Positive Technologies\AI\apps\Solidity\solidity-smoke-v2\rules\unchecked-send.yaml
2024-10-28 13:58:17.205033 ║INFO	║ 4352	║ process file c:\Positive Technologies\AI\apps\Solidity\solidity-smoke-v2\rules\unchecked-transfer.yaml
2024-10-28 13:58:17.211048 ║INFO	║ 4352	║ process file c:\Positive Technologies\AI\apps\Solidity\solidity-smoke-v2\rules\uninitialized-local.yaml
2024-10-28 13:58:17.218161 ║INFO	║ 4352	║ process file c:\Positive Technologies\AI\apps\Solidity\solidity-smoke-v2\rules\uninitialized-state.yaml
2024-10-28 13:58:17.224852 ║INFO	║ 4352	║ process file c:\Positive Technologies\AI\apps\Solidity\solidity-smoke-v2\rules\var-read-using-this.yaml
2024-10-28 13:58:17.231998 ║INFO	║ 4352	║ process file c:\Positive Technologies\AI\apps\Solidity\solidity-smoke-v2\rules\void-cst.yaml
2024-10-28 13:58:17.238038 ║INFO	║ 4352	║ process file c:\Positive Technologies\AI\apps\Solidity\solidity-smoke-v2\rules\weak-prng.yaml
2024-10-28 13:58:17.244233 ║INFO	║ 4352	║ process file c:\Positive Technologies\AI\apps\Solidity\solidity-smoke-v2\abiencoderv2-array.sol
2024-10-28 13:58:17.251281 ║INFO	║ 4352	║ process file c:\Positive Technologies\AI\apps\Solidity\solidity-smoke-v2\arbitrary-send-erc20-permit.sol
2024-10-28 13:58:17.257341 ║INFO	║ 4352	║ process file c:\Positive Technologies\AI\apps\Solidity\solidity-smoke-v2\arbitrary-send-erc20.sol
2024-10-28 13:58:17.264728 ║INFO	║ 4352	║ process file c:\Positive Technologies\AI\apps\Solidity\solidity-smoke-v2\arbitrary-send-eth.sol
2024-10-28 13:58:17.271861 ║INFO	║ 4352	║ process file c:\Positive Technologies\AI\apps\Solidity\solidity-smoke-v2\array-by-reference.sol
2024-10-28 13:58:17.278256 ║INFO	║ 4352	║ process file c:\Positive Technologies\AI\apps\Solidity\solidity-smoke-v2\assembly.sol
2024-10-28 13:58:17.285191 ║INFO	║ 4352	║ process file c:\Positive Technologies\AI\apps\Solidity\solidity-smoke-v2\assert-state-change.sol
2024-10-28 13:58:17.291765 ║INFO	║ 4352	║ process file c:\Positive Technologies\AI\apps\Solidity\solidity-smoke-v2\boolean-cst.sol
2024-10-28 13:58:17.298913 ║INFO	║ 4352	║ process file c:\Positive Technologies\AI\apps\Solidity\solidity-smoke-v2\boolean-equal.sol
2024-10-28 13:58:17.304949 ║INFO	║ 4352	║ process file c:\Positive Technologies\AI\apps\Solidity\solidity-smoke-v2\calls-loop.sol
2024-10-28 13:58:17.311839 ║INFO	║ 4352	║ process file c:\Positive Technologies\AI\apps\Solidity\solidity-smoke-v2\constable-states.sol
2024-10-28 13:58:17.318144 ║INFO	║ 4352	║ process file c:\Positive Technologies\AI\apps\Solidity\solidity-smoke-v2\controlled-array-length.sol
2024-10-28 13:58:17.326908 ║INFO	║ 4352	║ process file c:\Positive Technologies\AI\apps\Solidity\solidity-smoke-v2\delegatecall-loop.sol
2024-10-28 13:58:17.333113 ║INFO	║ 4352	║ process file c:\Positive Technologies\AI\apps\Solidity\solidity-smoke-v2\divide-before-multiply.sol
2024-10-28 13:58:17.340237 ║INFO	║ 4352	║ process file c:\Positive Technologies\AI\apps\Solidity\solidity-smoke-v2\domain-separator-collision.sol
2024-10-28 13:58:17.346250 ║INFO	║ 4352	║ process file c:\Positive Technologies\AI\apps\Solidity\solidity-smoke-v2\encode-packed-collision.sol
2024-10-28 13:58:17.354009 ║INFO	║ 4352	║ process file c:\Positive Technologies\AI\apps\Solidity\solidity-smoke-v2\erc20-indexed.sol
2024-10-28 13:58:17.362530 ║INFO	║ 4352	║ process file c:\Positive Technologies\AI\apps\Solidity\solidity-smoke-v2\erc20-interface.sol
2024-10-28 13:58:17.371101 ║INFO	║ 4352	║ process file c:\Positive Technologies\AI\apps\Solidity\solidity-smoke-v2\erc721-interface.sol
2024-10-28 13:58:17.377254 ║INFO	║ 4352	║ process file c:\Positive Technologies\AI\apps\Solidity\solidity-smoke-v2\events-access.sol
2024-10-28 13:58:17.384958 ║INFO	║ 4352	║ process file c:\Positive Technologies\AI\apps\Solidity\solidity-smoke-v2\events-maths.sol
2024-10-28 13:58:17.391020 ║INFO	║ 4352	║ process file c:\Positive Technologies\AI\apps\Solidity\solidity-smoke-v2\external-function.sol
2024-10-28 13:58:17.397036 ║INFO	║ 4352	║ process file c:\Positive Technologies\AI\apps\Solidity\solidity-smoke-v2\function-init-state.sol
2024-10-28 13:58:17.406629 ║INFO	║ 4352	║ process file c:\Positive Technologies\AI\apps\Solidity\solidity-smoke-v2\IERC20.sol
2024-10-28 13:58:17.414701 ║INFO	║ 4352	║ process file c:\Positive Technologies\AI\apps\Solidity\solidity-smoke-v2\immutable-states.sol
2024-10-28 13:58:17.423144 ║INFO	║ 4352	║ process file c:\Positive Technologies\AI\apps\Solidity\solidity-smoke-v2\incorrect-equality.sol
2024-10-28 13:58:17.434302 ║INFO	║ 4352	║ process file c:\Positive Technologies\AI\apps\Solidity\solidity-smoke-v2\incorrect-exp.sol
2024-10-28 13:58:17.443387 ║INFO	║ 4352	║ process file c:\Positive Technologies\AI\apps\Solidity\solidity-smoke-v2\incorrect-modifier.sol
2024-10-28 13:58:17.450773 ║INFO	║ 4352	║ process file c:\Positive Technologies\AI\apps\Solidity\solidity-smoke-v2\incorrect-return.sol
2024-10-28 13:58:17.456162 ║INFO	║ 4352	║ process file c:\Positive Technologies\AI\apps\Solidity\solidity-smoke-v2\incorrect-shift.sol
2024-10-28 13:58:17.466941 ║INFO	║ 4352	║ process file c:\Positive Technologies\AI\apps\Solidity\solidity-smoke-v2\incorrect-unary.sol
2024-10-28 13:58:17.473580 ║INFO	║ 4352	║ process file c:\Positive Technologies\AI\apps\Solidity\solidity-smoke-v2\incorrect-using-for.sol
2024-10-28 13:58:17.480983 ║INFO	║ 4352	║ process file c:\Positive Technologies\AI\apps\Solidity\solidity-smoke-v2\locked-ether.sol
2024-10-28 13:58:17.488006 ║INFO	║ 4352	║ process file c:\Positive Technologies\AI\apps\Solidity\solidity-smoke-v2\low-level-calls.sol
2024-10-28 13:58:17.498391 ║INFO	║ 4352	║ process file c:\Positive Technologies\AI\apps\Solidity\solidity-smoke-v2\mapping-deletion.sol
2024-10-28 13:58:17.505225 ║INFO	║ 4352	║ process file c:\Positive Technologies\AI\apps\Solidity\solidity-smoke-v2\missing-inheritance.sol
2024-10-28 13:58:17.511566 ║INFO	║ 4352	║ process file c:\Positive Technologies\AI\apps\Solidity\solidity-smoke-v2\missing-zero-check.sol
2024-10-28 13:58:17.517489 ║INFO	║ 4352	║ process file c:\Positive Technologies\AI\apps\Solidity\solidity-smoke-v2\msg-value-loop.sol
2024-10-28 13:58:17.523659 ║INFO	║ 4352	║ process file c:\Positive Technologies\AI\apps\Solidity\solidity-smoke-v2\multiple-constructors.sol
2024-10-28 13:58:17.538136 ║INFO	║ 4352	║ process file c:\Positive Technologies\AI\apps\Solidity\solidity-smoke-v2\name-reused.sol
2024-10-28 13:58:17.546982 ║INFO	║ 4352	║ process file c:\Positive Technologies\AI\apps\Solidity\solidity-smoke-v2\naming-convention.sol
2024-10-28 13:58:17.553954 ║INFO	║ 4352	║ process file c:\Positive Technologies\AI\apps\Solidity\solidity-smoke-v2\protected-vars.sol
2024-10-28 13:58:17.561998 ║INFO	║ 4352	║ process file c:\Positive Technologies\AI\apps\Solidity\solidity-smoke-v2\reentrancy-eth.sol
2024-10-28 13:58:17.570641 ║INFO	║ 4352	║ process file c:\Positive Technologies\AI\apps\Solidity\solidity-smoke-v2\return-leave.sol
2024-10-28 13:58:17.578535 ║INFO	║ 4352	║ process file c:\Positive Technologies\AI\apps\Solidity\solidity-smoke-v2\reused-constructor.sol
2024-10-28 13:58:17.587393 ║INFO	║ 4352	║ process file c:\Positive Technologies\AI\apps\Solidity\solidity-smoke-v2\rtlo.sol
2024-10-28 13:58:17.595715 ║INFO	║ 4352	║ process file c:\Positive Technologies\AI\apps\Solidity\solidity-smoke-v2\shadowing-builtin.sol
2024-10-28 13:58:17.601732 ║INFO	║ 4352	║ process file c:\Positive Technologies\AI\apps\Solidity\solidity-smoke-v2\shadowing-local.sol
2024-10-28 13:58:17.608750 ║INFO	║ 4352	║ process file c:\Positive Technologies\AI\apps\Solidity\solidity-smoke-v2\shadowing-state.sol
2024-10-28 13:58:17.617881 ║INFO	║ 4352	║ process file c:\Positive Technologies\AI\apps\Solidity\solidity-smoke-v2\solc-version.sol
2024-10-28 13:58:17.626083 ║INFO	║ 4352	║ process file c:\Positive Technologies\AI\apps\Solidity\solidity-smoke-v2\suicidal.sol
2024-10-28 13:58:17.633100 ║INFO	║ 4352	║ process file c:\Positive Technologies\AI\apps\Solidity\solidity-smoke-v2\tautological-compare.sol
2024-10-28 13:58:17.639230 ║INFO	║ 4352	║ process file c:\Positive Technologies\AI\apps\Solidity\solidity-smoke-v2\tautology.sol
2024-10-28 13:58:17.645534 ║INFO	║ 4352	║ process file c:\Positive Technologies\AI\apps\Solidity\solidity-smoke-v2\timestamp.sol
2024-10-28 13:58:17.652795 ║INFO	║ 4352	║ process file c:\Positive Technologies\AI\apps\Solidity\solidity-smoke-v2\too-many-digits.sol
2024-10-28 13:58:17.659369 ║INFO	║ 4352	║ process file c:\Positive Technologies\AI\apps\Solidity\solidity-smoke-v2\tx-origin.sol
2024-10-28 13:58:17.667850 ║INFO	║ 4352	║ process file c:\Positive Technologies\AI\apps\Solidity\solidity-smoke-v2\unchecked-low-level-call.sol
2024-10-28 13:58:17.675705 ║INFO	║ 4352	║ process file c:\Positive Technologies\AI\apps\Solidity\solidity-smoke-v2\unchecked-send.sol
2024-10-28 13:58:17.682997 ║INFO	║ 4352	║ process file c:\Positive Technologies\AI\apps\Solidity\solidity-smoke-v2\unchecked-transfer.sol
2024-10-28 13:58:17.689501 ║INFO	║ 4352	║ process file c:\Positive Technologies\AI\apps\Solidity\solidity-smoke-v2\unimplemented-functions.sol
2024-10-28 13:58:17.699417 ║INFO	║ 4352	║ process file c:\Positive Technologies\AI\apps\Solidity\solidity-smoke-v2\uninitialized-local.sol
2024-10-28 13:58:17.707250 ║INFO	║ 4352	║ process file c:\Positive Technologies\AI\apps\Solidity\solidity-smoke-v2\uninitialized-state.sol
2024-10-28 13:58:17.714055 ║INFO	║ 4352	║ process file c:\Positive Technologies\AI\apps\Solidity\solidity-smoke-v2\unprotected-upgrade.sol
2024-10-28 13:58:17.723694 ║INFO	║ 4352	║ process file c:\Positive Technologies\AI\apps\Solidity\solidity-smoke-v2\unused-import.sol
2024-10-28 13:58:17.731371 ║INFO	║ 4352	║ process file c:\Positive Technologies\AI\apps\Solidity\solidity-smoke-v2\unused-state.sol
2024-10-28 13:58:17.740404 ║INFO	║ 4352	║ process file c:\Positive Technologies\AI\apps\Solidity\solidity-smoke-v2\var-read-using-this.sol
2024-10-28 13:58:17.745931 ║INFO	║ 4352	║ process file c:\Positive Technologies\AI\apps\Solidity\solidity-smoke-v2\variable-scope.sol
2024-10-28 13:58:17.753064 ║INFO	║ 4352	║ process file c:\Positive Technologies\AI\apps\Solidity\solidity-smoke-v2\void-cst.sol
2024-10-28 13:58:17.760269 ║INFO	║ 4352	║ process file c:\Positive Technologies\AI\apps\Solidity\solidity-smoke-v2\weak-prng.sol
2024-10-28 13:58:17.767702 ║INFO	║ 4352	║ process file c:\Positive Technologies\AI\apps\Solidity\solidity-smoke-v2\write-after-write.sol
2024-10-28 13:58:17.774388 ║INFO	║ 4352	║ process file c:\Positive Technologies\AI\apps\Solidity\solidity-smoke-v2\_reentrancy-eth.sol
2024-10-28 13:58:17.780985 ║INFO	║ 4352	║ process file c:\Positive Technologies\AI\apps\Solidity\solidity-smoke-v2
2024-10-28 13:59:56.741698 ║INFO	║ 4352	║ Finalize
2024-10-28 13:59:56.749065 ║INFO	║ 4352	║ Finalize done
