[11/28/2024, 1:18:20 AM] info: Logging was started to file.
[11/28/2024, 1:18:20 AM] info: Start application inspector initialization
[11/28/2024, 1:18:20 AM] info: Hide developer mode UI
[11/28/2024, 1:18:20 AM] info: Infrastructure Configurations: {"port":8000,"infrastructureAssemblyFolderPath":"C:\\Users\\sizyn\\AppData\\Local\\Application Inspector Analyzer","applicationResourcesFolderPath":"C:\\Users\\sizyn\\AppData\\Local\\Application Inspector Analyzer","scanTargetFolderPath":"c:\\PositiveTechnologies\\AI\\apps\\Solidity\\solidity-smoke-v2","isDebugging":false,"logLevel":{"q8_1":"Error","r8_1":5,"type":5,"key":"Settings.LogLevel.Error.Text"},"logDir":"c:\\PositiveTechnologies\\AI\\apps\\Solidity\\solidity-smoke-v2\\.ai\\Logs\\Infrastructure\\2024-11-28-01-18-20","tipsFoundNotificationThreshold":1000,"similarIssuesFoundNotificationThreshold":1000,"applicationLocalDataFolderPath":"c:\\PositiveTechnologies\\AI\\apps\\Solidity\\solidity-smoke-v2\\.ai"}
[11/28/2024, 1:18:20 AM] info: Start infrastructure initialization
[11/28/2024, 1:18:21 AM] info: Infrastructure was started
[11/28/2024, 1:18:21 AM] info: Initialize aie integration isn't initialized
[11/28/2024, 1:18:21 AM] info: Infrastructure was initialized
[11/28/2024, 1:18:21 AM] info: Infrastructure Installer was deleted
[11/28/2024, 1:18:21 AM] info: Clean up logs files was started
[11/28/2024, 1:18:21 AM] info: Clean up logs files was finished
[11/28/2024, 1:18:23 AM] info: Start rendering scan result. ScanResultId=42003333-6267-49d1-93e8-e3a7acbd9b0a, ProjectId=d02dafac-237a-4a7e-a15f-ac2f7dbe271c
[11/28/2024, 1:18:23 AM] info: cannot open file:///c%3A/Positive%20Technologies/AI/apps/Solidity/solidity-smoke-v2-rules/abiencoderv2-array.sol. Detail: Unable to read file 'c:\Positive Technologies\AI\apps\Solidity\solidity-smoke-v2-rules\abiencoderv2-array.sol' (Error: Unable to resolve nonexistent file 'c:\Positive Technologies\AI\apps\Solidity\solidity-smoke-v2-rules\abiencoderv2-array.sol')
[11/28/2024, 1:18:23 AM] info: cannot open file:///c%3A/Positive%20Technologies/AI/apps/Solidity/solidity-smoke-v2-rules/arbitrary-send-erc20-permit.sol. Detail: Unable to read file 'c:\Positive Technologies\AI\apps\Solidity\solidity-smoke-v2-rules\arbitrary-send-erc20-permit.sol' (Error: Unable to resolve nonexistent file 'c:\Positive Technologies\AI\apps\Solidity\solidity-smoke-v2-rules\arbitrary-send-erc20-permit.sol')
[11/28/2024, 1:18:23 AM] info: Cannot read properties of undefined (reading 'getText')
[11/28/2024, 1:18:23 AM] info: Cannot read properties of undefined (reading 'getText')
[11/28/2024, 1:18:23 AM] info: Cannot read properties of undefined (reading 'getText')
[11/28/2024, 1:18:23 AM] info: Cannot read properties of undefined (reading 'getText')
[11/28/2024, 1:18:23 AM] info: Cannot read properties of undefined (reading 'getText')
[11/28/2024, 1:18:23 AM] info: Cannot read properties of undefined (reading 'getText')
[11/28/2024, 1:18:23 AM] info: Cannot read properties of undefined (reading 'getText')
[11/28/2024, 1:18:23 AM] info: Cannot read properties of undefined (reading 'getText')
[11/28/2024, 1:18:23 AM] info: Cannot read properties of undefined (reading 'getText')
[11/28/2024, 1:18:23 AM] info: Cannot read properties of undefined (reading 'getText')
[11/28/2024, 1:18:23 AM] info: cannot open file:///c%3A/Positive%20Technologies/AI/apps/Solidity/solidity-smoke-v2-rules/arbitrary-send-erc20.sol. Detail: Unable to read file 'c:\Positive Technologies\AI\apps\Solidity\solidity-smoke-v2-rules\arbitrary-send-erc20.sol' (Error: Unable to resolve nonexistent file 'c:\Positive Technologies\AI\apps\Solidity\solidity-smoke-v2-rules\arbitrary-send-erc20.sol')
[11/28/2024, 1:18:23 AM] info: Cannot read properties of undefined (reading 'getText')
[11/28/2024, 1:18:23 AM] info: Cannot read properties of undefined (reading 'getText')
[11/28/2024, 1:18:23 AM] info: Cannot read properties of undefined (reading 'getText')
[11/28/2024, 1:18:23 AM] info: cannot open file:///c%3A/Positive%20Technologies/AI/apps/Solidity/solidity-smoke-v2-rules/arbitrary-send-eth.sol. Detail: Unable to read file 'c:\Positive Technologies\AI\apps\Solidity\solidity-smoke-v2-rules\arbitrary-send-eth.sol' (Error: Unable to resolve nonexistent file 'c:\Positive Technologies\AI\apps\Solidity\solidity-smoke-v2-rules\arbitrary-send-eth.sol')
[11/28/2024, 1:18:23 AM] info: Cannot read properties of undefined (reading 'getText')
[11/28/2024, 1:18:23 AM] info: Cannot read properties of undefined (reading 'getText')
[11/28/2024, 1:18:23 AM] info: cannot open file:///c%3A/Positive%20Technologies/AI/apps/Solidity/solidity-smoke-v2-rules/array-by-reference.sol. Detail: Unable to read file 'c:\Positive Technologies\AI\apps\Solidity\solidity-smoke-v2-rules\array-by-reference.sol' (Error: Unable to resolve nonexistent file 'c:\Positive Technologies\AI\apps\Solidity\solidity-smoke-v2-rules\array-by-reference.sol')
[11/28/2024, 1:18:23 AM] info: cannot open file:///c%3A/Positive%20Technologies/AI/apps/Solidity/solidity-smoke-v2-rules/assembly.sol. Detail: Unable to read file 'c:\Positive Technologies\AI\apps\Solidity\solidity-smoke-v2-rules\assembly.sol' (Error: Unable to resolve nonexistent file 'c:\Positive Technologies\AI\apps\Solidity\solidity-smoke-v2-rules\assembly.sol')
[11/28/2024, 1:18:23 AM] info: Cannot read properties of undefined (reading 'getText')
[11/28/2024, 1:18:23 AM] info: Cannot read properties of undefined (reading 'getText')
[11/28/2024, 1:18:23 AM] info: Cannot read properties of undefined (reading 'getText')
[11/28/2024, 1:18:23 AM] info: cannot open file:///c%3A/Positive%20Technologies/AI/apps/Solidity/solidity-smoke-v2-rules/assert-state-change.sol. Detail: Unable to read file 'c:\Positive Technologies\AI\apps\Solidity\solidity-smoke-v2-rules\assert-state-change.sol' (Error: Unable to resolve nonexistent file 'c:\Positive Technologies\AI\apps\Solidity\solidity-smoke-v2-rules\assert-state-change.sol')
[11/28/2024, 1:18:23 AM] info: Cannot read properties of undefined (reading 'getText')
[11/28/2024, 1:18:23 AM] info: Cannot read properties of undefined (reading 'getText')
[11/28/2024, 1:18:23 AM] info: cannot open file:///c%3A/Positive%20Technologies/AI/apps/Solidity/solidity-smoke-v2-rules/boolean-cst.sol. Detail: Unable to read file 'c:\Positive Technologies\AI\apps\Solidity\solidity-smoke-v2-rules\boolean-cst.sol' (Error: Unable to resolve nonexistent file 'c:\Positive Technologies\AI\apps\Solidity\solidity-smoke-v2-rules\boolean-cst.sol')
[11/28/2024, 1:18:23 AM] info: Cannot read properties of undefined (reading 'getText')
[11/28/2024, 1:18:23 AM] info: cannot open file:///c%3A/Positive%20Technologies/AI/apps/Solidity/solidity-smoke-v2-rules/boolean-equal.sol. Detail: Unable to read file 'c:\Positive Technologies\AI\apps\Solidity\solidity-smoke-v2-rules\boolean-equal.sol' (Error: Unable to resolve nonexistent file 'c:\Positive Technologies\AI\apps\Solidity\solidity-smoke-v2-rules\boolean-equal.sol')
[11/28/2024, 1:18:23 AM] info: cannot open file:///c%3A/Positive%20Technologies/AI/apps/Solidity/solidity-smoke-v2-rules/calls-loop.sol. Detail: Unable to read file 'c:\Positive Technologies\AI\apps\Solidity\solidity-smoke-v2-rules\calls-loop.sol' (Error: Unable to resolve nonexistent file 'c:\Positive Technologies\AI\apps\Solidity\solidity-smoke-v2-rules\calls-loop.sol')
[11/28/2024, 1:18:23 AM] info: Cannot read properties of undefined (reading 'getText')
[11/28/2024, 1:18:23 AM] info: cannot open file:///c%3A/Positive%20Technologies/AI/apps/Solidity/solidity-smoke-v2-rules/constable-states.sol. Detail: Unable to read file 'c:\Positive Technologies\AI\apps\Solidity\solidity-smoke-v2-rules\constable-states.sol' (Error: Unable to resolve nonexistent file 'c:\Positive Technologies\AI\apps\Solidity\solidity-smoke-v2-rules\constable-states.sol')
[11/28/2024, 1:18:23 AM] info: Cannot read properties of undefined (reading 'getText')
[11/28/2024, 1:18:23 AM] info: Cannot read properties of undefined (reading 'getText')
[11/28/2024, 1:18:23 AM] info: Cannot read properties of undefined (reading 'getText')
[11/28/2024, 1:18:23 AM] info: Cannot read properties of undefined (reading 'getText')
[11/28/2024, 1:18:23 AM] info: Cannot read properties of undefined (reading 'getText')
[11/28/2024, 1:18:23 AM] info: Cannot read properties of undefined (reading 'getText')
[11/28/2024, 1:18:23 AM] info: Cannot read properties of undefined (reading 'getText')
[11/28/2024, 1:18:23 AM] info: Cannot read properties of undefined (reading 'getText')
[11/28/2024, 1:18:23 AM] info: Cannot read properties of undefined (reading 'getText')
[11/28/2024, 1:18:23 AM] info: Cannot read properties of undefined (reading 'getText')
[11/28/2024, 1:18:23 AM] info: Cannot read properties of undefined (reading 'getText')
[11/28/2024, 1:18:23 AM] info: Cannot read properties of undefined (reading 'getText')
[11/28/2024, 1:18:23 AM] info: Cannot read properties of undefined (reading 'getText')
[11/28/2024, 1:18:23 AM] info: Cannot read properties of undefined (reading 'getText')
[11/28/2024, 1:18:23 AM] info: Cannot read properties of undefined (reading 'getText')
[11/28/2024, 1:18:23 AM] info: Cannot read properties of undefined (reading 'getText')
[11/28/2024, 1:18:23 AM] info: Cannot read properties of undefined (reading 'getText')
[11/28/2024, 1:18:23 AM] info: Cannot read properties of undefined (reading 'getText')
[11/28/2024, 1:18:23 AM] info: cannot open file:///c%3A/Positive%20Technologies/AI/apps/Solidity/solidity-smoke-v2-rules/controlled-array-length.sol. Detail: Unable to read file 'c:\Positive Technologies\AI\apps\Solidity\solidity-smoke-v2-rules\controlled-array-length.sol' (Error: Unable to resolve nonexistent file 'c:\Positive Technologies\AI\apps\Solidity\solidity-smoke-v2-rules\controlled-array-length.sol')
[11/28/2024, 1:18:23 AM] info: Cannot read properties of undefined (reading 'getText')
[11/28/2024, 1:18:23 AM] info: cannot open file:///c%3A/Positive%20Technologies/AI/apps/Solidity/solidity-smoke-v2-rules/delegatecall-loop.sol. Detail: Unable to read file 'c:\Positive Technologies\AI\apps\Solidity\solidity-smoke-v2-rules\delegatecall-loop.sol' (Error: Unable to resolve nonexistent file 'c:\Positive Technologies\AI\apps\Solidity\solidity-smoke-v2-rules\delegatecall-loop.sol')
[11/28/2024, 1:18:23 AM] info: Cannot read properties of undefined (reading 'getText')
[11/28/2024, 1:18:23 AM] info: Cannot read properties of undefined (reading 'getText')
[11/28/2024, 1:18:23 AM] info: Cannot read properties of undefined (reading 'getText')
[11/28/2024, 1:18:23 AM] info: Cannot read properties of undefined (reading 'getText')
[11/28/2024, 1:18:23 AM] info: Cannot read properties of undefined (reading 'getText')
[11/28/2024, 1:18:23 AM] info: cannot open file:///c%3A/Positive%20Technologies/AI/apps/Solidity/solidity-smoke-v2-rules/divide-before-multiply.sol. Detail: Unable to read file 'c:\Positive Technologies\AI\apps\Solidity\solidity-smoke-v2-rules\divide-before-multiply.sol' (Error: Unable to resolve nonexistent file 'c:\Positive Technologies\AI\apps\Solidity\solidity-smoke-v2-rules\divide-before-multiply.sol')
[11/28/2024, 1:18:23 AM] info: Cannot read properties of undefined (reading 'getText')
[11/28/2024, 1:18:23 AM] info: Cannot read properties of undefined (reading 'getText')
[11/28/2024, 1:18:23 AM] info: cannot open file:///c%3A/Positive%20Technologies/AI/apps/Solidity/solidity-smoke-v2-rules/domain-separator-collision.sol. Detail: Unable to read file 'c:\Positive Technologies\AI\apps\Solidity\solidity-smoke-v2-rules\domain-separator-collision.sol' (Error: Unable to resolve nonexistent file 'c:\Positive Technologies\AI\apps\Solidity\solidity-smoke-v2-rules\domain-separator-collision.sol')
[11/28/2024, 1:18:23 AM] info: Cannot read properties of undefined (reading 'getText')
[11/28/2024, 1:18:23 AM] info: Cannot read properties of undefined (reading 'getText')
[11/28/2024, 1:18:23 AM] info: cannot open file:///c%3A/Positive%20Technologies/AI/apps/Solidity/solidity-smoke-v2-rules/encode-packed-collision.sol. Detail: Unable to read file 'c:\Positive Technologies\AI\apps\Solidity\solidity-smoke-v2-rules\encode-packed-collision.sol' (Error: Unable to resolve nonexistent file 'c:\Positive Technologies\AI\apps\Solidity\solidity-smoke-v2-rules\encode-packed-collision.sol')
[11/28/2024, 1:18:23 AM] info: Cannot read properties of undefined (reading 'getText')
[11/28/2024, 1:18:23 AM] info: Cannot read properties of undefined (reading 'getText')
[11/28/2024, 1:18:23 AM] info: cannot open file:///c%3A/Positive%20Technologies/AI/apps/Solidity/solidity-smoke-v2-rules/erc20-indexed.sol. Detail: Unable to read file 'c:\Positive Technologies\AI\apps\Solidity\solidity-smoke-v2-rules\erc20-indexed.sol' (Error: Unable to resolve nonexistent file 'c:\Positive Technologies\AI\apps\Solidity\solidity-smoke-v2-rules\erc20-indexed.sol')
[11/28/2024, 1:18:23 AM] info: Cannot read properties of undefined (reading 'getText')
[11/28/2024, 1:18:23 AM] info: Cannot read properties of undefined (reading 'getText')
[11/28/2024, 1:18:23 AM] info: cannot open file:///c%3A/Positive%20Technologies/AI/apps/Solidity/solidity-smoke-v2-rules/erc20-interface.sol. Detail: Unable to read file 'c:\Positive Technologies\AI\apps\Solidity\solidity-smoke-v2-rules\erc20-interface.sol' (Error: Unable to resolve nonexistent file 'c:\Positive Technologies\AI\apps\Solidity\solidity-smoke-v2-rules\erc20-interface.sol')
[11/28/2024, 1:18:23 AM] info: Cannot read properties of undefined (reading 'getText')
[11/28/2024, 1:18:23 AM] info: Cannot read properties of undefined (reading 'getText')
[11/28/2024, 1:18:23 AM] info: Cannot read properties of undefined (reading 'getText')
[11/28/2024, 1:18:23 AM] info: Cannot read properties of undefined (reading 'getText')
[11/28/2024, 1:18:23 AM] info: Cannot read properties of undefined (reading 'getText')
[11/28/2024, 1:18:23 AM] info: cannot open file:///c%3A/Positive%20Technologies/AI/apps/Solidity/solidity-smoke-v2-rules/erc721-interface.sol. Detail: Unable to read file 'c:\Positive Technologies\AI\apps\Solidity\solidity-smoke-v2-rules\erc721-interface.sol' (Error: Unable to resolve nonexistent file 'c:\Positive Technologies\AI\apps\Solidity\solidity-smoke-v2-rules\erc721-interface.sol')
[11/28/2024, 1:18:23 AM] info: Cannot read properties of undefined (reading 'getText')
[11/28/2024, 1:18:23 AM] info: Cannot read properties of undefined (reading 'getText')
[11/28/2024, 1:18:23 AM] info: Cannot read properties of undefined (reading 'getText')
[11/28/2024, 1:18:23 AM] info: Cannot read properties of undefined (reading 'getText')
[11/28/2024, 1:18:23 AM] info: Cannot read properties of undefined (reading 'getText')
[11/28/2024, 1:18:23 AM] info: cannot open file:///c%3A/Positive%20Technologies/AI/apps/Solidity/solidity-smoke-v2-rules/events-access.sol. Detail: Unable to read file 'c:\Positive Technologies\AI\apps\Solidity\solidity-smoke-v2-rules\events-access.sol' (Error: Unable to resolve nonexistent file 'c:\Positive Technologies\AI\apps\Solidity\solidity-smoke-v2-rules\events-access.sol')
[11/28/2024, 1:18:23 AM] info: Cannot read properties of undefined (reading 'getText')
[11/28/2024, 1:18:23 AM] info: cannot open file:///c%3A/Positive%20Technologies/AI/apps/Solidity/solidity-smoke-v2-rules/events-maths.sol. Detail: Unable to read file 'c:\Positive Technologies\AI\apps\Solidity\solidity-smoke-v2-rules\events-maths.sol' (Error: Unable to resolve nonexistent file 'c:\Positive Technologies\AI\apps\Solidity\solidity-smoke-v2-rules\events-maths.sol')
[11/28/2024, 1:18:23 AM] info: Cannot read properties of undefined (reading 'getText')
[11/28/2024, 1:18:23 AM] info: Cannot read properties of undefined (reading 'getText')
[11/28/2024, 1:18:23 AM] info: cannot open file:///c%3A/Positive%20Technologies/AI/apps/Solidity/solidity-smoke-v2-rules/external-function.sol. Detail: Unable to read file 'c:\Positive Technologies\AI\apps\Solidity\solidity-smoke-v2-rules\external-function.sol' (Error: Unable to resolve nonexistent file 'c:\Positive Technologies\AI\apps\Solidity\solidity-smoke-v2-rules\external-function.sol')
[11/28/2024, 1:18:23 AM] info: Cannot read properties of undefined (reading 'getText')
[11/28/2024, 1:18:23 AM] info: cannot open file:///c%3A/Positive%20Technologies/AI/apps/Solidity/solidity-smoke-v2-rules/function-init-state.sol. Detail: Unable to read file 'c:\Positive Technologies\AI\apps\Solidity\solidity-smoke-v2-rules\function-init-state.sol' (Error: Unable to resolve nonexistent file 'c:\Positive Technologies\AI\apps\Solidity\solidity-smoke-v2-rules\function-init-state.sol')
[11/28/2024, 1:18:23 AM] info: cannot open file:///c%3A/Positive%20Technologies/AI/apps/Solidity/solidity-smoke-v2-rules/IERC20.sol. Detail: Unable to read file 'c:\Positive Technologies\AI\apps\Solidity\solidity-smoke-v2-rules\IERC20.sol' (Error: Unable to resolve nonexistent file 'c:\Positive Technologies\AI\apps\Solidity\solidity-smoke-v2-rules\IERC20.sol')
[11/28/2024, 1:18:23 AM] info: Cannot read properties of undefined (reading 'getText')
[11/28/2024, 1:18:23 AM] info: Cannot read properties of undefined (reading 'getText')
[11/28/2024, 1:18:23 AM] info: cannot open file:///c%3A/Positive%20Technologies/AI/apps/Solidity/solidity-smoke-v2-rules/immutable-states.sol. Detail: Unable to read file 'c:\Positive Technologies\AI\apps\Solidity\solidity-smoke-v2-rules\immutable-states.sol' (Error: Unable to resolve nonexistent file 'c:\Positive Technologies\AI\apps\Solidity\solidity-smoke-v2-rules\immutable-states.sol')
[11/28/2024, 1:18:23 AM] info: Cannot read properties of undefined (reading 'getText')
[11/28/2024, 1:18:23 AM] info: Cannot read properties of undefined (reading 'getText')
[11/28/2024, 1:18:23 AM] info: Cannot read properties of undefined (reading 'getText')
[11/28/2024, 1:18:23 AM] info: Cannot read properties of undefined (reading 'getText')
[11/28/2024, 1:18:23 AM] info: Cannot read properties of undefined (reading 'getText')
[11/28/2024, 1:18:23 AM] info: Cannot read properties of undefined (reading 'getText')
[11/28/2024, 1:18:23 AM] info: Cannot read properties of undefined (reading 'getText')
[11/28/2024, 1:18:23 AM] info: Cannot read properties of undefined (reading 'getText')
[11/28/2024, 1:18:23 AM] info: Cannot read properties of undefined (reading 'getText')
[11/28/2024, 1:18:23 AM] info: Cannot read properties of undefined (reading 'getText')
[11/28/2024, 1:18:23 AM] info: Cannot read properties of undefined (reading 'getText')
[11/28/2024, 1:18:23 AM] info: Cannot read properties of undefined (reading 'getText')
[11/28/2024, 1:18:23 AM] info: Cannot read properties of undefined (reading 'getText')
[11/28/2024, 1:18:23 AM] info: Cannot read properties of undefined (reading 'getText')
[11/28/2024, 1:18:23 AM] info: Cannot read properties of undefined (reading 'getText')
[11/28/2024, 1:18:23 AM] info: Cannot read properties of undefined (reading 'getText')
[11/28/2024, 1:18:23 AM] info: Cannot read properties of undefined (reading 'getText')
[11/28/2024, 1:18:23 AM] info: cannot open file:///c%3A/Positive%20Technologies/AI/apps/Solidity/solidity-smoke-v2-rules/incorrect-equality.sol. Detail: Unable to read file 'c:\Positive Technologies\AI\apps\Solidity\solidity-smoke-v2-rules\incorrect-equality.sol' (Error: Unable to resolve nonexistent file 'c:\Positive Technologies\AI\apps\Solidity\solidity-smoke-v2-rules\incorrect-equality.sol')
[11/28/2024, 1:18:23 AM] info: Cannot read properties of undefined (reading 'getText')
[11/28/2024, 1:18:23 AM] info: Cannot read properties of undefined (reading 'getText')
[11/28/2024, 1:18:23 AM] info: cannot open file:///c%3A/Positive%20Technologies/AI/apps/Solidity/solidity-smoke-v2-rules/incorrect-exp.sol. Detail: Unable to read file 'c:\Positive Technologies\AI\apps\Solidity\solidity-smoke-v2-rules\incorrect-exp.sol' (Error: Unable to resolve nonexistent file 'c:\Positive Technologies\AI\apps\Solidity\solidity-smoke-v2-rules\incorrect-exp.sol')
[11/28/2024, 1:18:23 AM] info: Cannot read properties of undefined (reading 'getText')
[11/28/2024, 1:18:23 AM] info: Cannot read properties of undefined (reading 'getText')
[11/28/2024, 1:18:23 AM] info: Cannot read properties of undefined (reading 'getText')
[11/28/2024, 1:18:23 AM] info: Cannot read properties of undefined (reading 'getText')
[11/28/2024, 1:18:23 AM] info: cannot open file:///c%3A/Positive%20Technologies/AI/apps/Solidity/solidity-smoke-v2-rules/incorrect-modifier.sol. Detail: Unable to read file 'c:\Positive Technologies\AI\apps\Solidity\solidity-smoke-v2-rules\incorrect-modifier.sol' (Error: Unable to resolve nonexistent file 'c:\Positive Technologies\AI\apps\Solidity\solidity-smoke-v2-rules\incorrect-modifier.sol')
[11/28/2024, 1:18:23 AM] info: Cannot read properties of undefined (reading 'getText')
[11/28/2024, 1:18:23 AM] info: cannot open file:///c%3A/Positive%20Technologies/AI/apps/Solidity/solidity-smoke-v2-rules/incorrect-return.sol. Detail: Unable to read file 'c:\Positive Technologies\AI\apps\Solidity\solidity-smoke-v2-rules\incorrect-return.sol' (Error: Unable to resolve nonexistent file 'c:\Positive Technologies\AI\apps\Solidity\solidity-smoke-v2-rules\incorrect-return.sol')
[11/28/2024, 1:18:23 AM] info: Cannot read properties of undefined (reading 'getText')
[11/28/2024, 1:18:23 AM] info: Cannot read properties of undefined (reading 'getText')
[11/28/2024, 1:18:23 AM] info: cannot open file:///c%3A/Positive%20Technologies/AI/apps/Solidity/solidity-smoke-v2-rules/incorrect-shift.sol. Detail: Unable to read file 'c:\Positive Technologies\AI\apps\Solidity\solidity-smoke-v2-rules\incorrect-shift.sol' (Error: Unable to resolve nonexistent file 'c:\Positive Technologies\AI\apps\Solidity\solidity-smoke-v2-rules\incorrect-shift.sol')
[11/28/2024, 1:18:23 AM] info: Cannot read properties of undefined (reading 'getText')
[11/28/2024, 1:18:23 AM] info: Cannot read properties of undefined (reading 'getText')
[11/28/2024, 1:18:23 AM] info: cannot open file:///c%3A/Positive%20Technologies/AI/apps/Solidity/solidity-smoke-v2-rules/incorrect-unary.sol. Detail: Unable to read file 'c:\Positive Technologies\AI\apps\Solidity\solidity-smoke-v2-rules\incorrect-unary.sol' (Error: Unable to resolve nonexistent file 'c:\Positive Technologies\AI\apps\Solidity\solidity-smoke-v2-rules\incorrect-unary.sol')
[11/28/2024, 1:18:23 AM] info: Cannot read properties of undefined (reading 'getText')
[11/28/2024, 1:18:23 AM] info: Cannot read properties of undefined (reading 'getText')
[11/28/2024, 1:18:23 AM] info: cannot open file:///c%3A/Positive%20Technologies/AI/apps/Solidity/solidity-smoke-v2-rules/incorrect-using-for.sol. Detail: Unable to read file 'c:\Positive Technologies\AI\apps\Solidity\solidity-smoke-v2-rules\incorrect-using-for.sol' (Error: Unable to resolve nonexistent file 'c:\Positive Technologies\AI\apps\Solidity\solidity-smoke-v2-rules\incorrect-using-for.sol')
[11/28/2024, 1:18:23 AM] info: Cannot read properties of undefined (reading 'getText')
[11/28/2024, 1:18:23 AM] info: Cannot read properties of undefined (reading 'getText')
[11/28/2024, 1:18:23 AM] info: Cannot read properties of undefined (reading 'getText')
[11/28/2024, 1:18:23 AM] info: Cannot read properties of undefined (reading 'getText')
[11/28/2024, 1:18:23 AM] info: Cannot read properties of undefined (reading 'getText')
[11/28/2024, 1:18:23 AM] info: cannot open file:///c%3A/Positive%20Technologies/AI/apps/Solidity/solidity-smoke-v2-rules/locked-ether.sol. Detail: Unable to read file 'c:\Positive Technologies\AI\apps\Solidity\solidity-smoke-v2-rules\locked-ether.sol' (Error: Unable to resolve nonexistent file 'c:\Positive Technologies\AI\apps\Solidity\solidity-smoke-v2-rules\locked-ether.sol')
[11/28/2024, 1:18:23 AM] info: Cannot read properties of undefined (reading 'getText')
[11/28/2024, 1:18:23 AM] info: Cannot read properties of undefined (reading 'getText')
[11/28/2024, 1:18:23 AM] info: Cannot read properties of undefined (reading 'getText')
[11/28/2024, 1:18:23 AM] info: Cannot read properties of undefined (reading 'getText')
[11/28/2024, 1:18:23 AM] info: Cannot read properties of undefined (reading 'getText')
[11/28/2024, 1:18:23 AM] info: Cannot read properties of undefined (reading 'getText')
[11/28/2024, 1:18:23 AM] info: Cannot read properties of undefined (reading 'getText')
[11/28/2024, 1:18:23 AM] info: Cannot read properties of undefined (reading 'getText')
[11/28/2024, 1:18:23 AM] info: Cannot read properties of undefined (reading 'getText')
[11/28/2024, 1:18:23 AM] info: Cannot read properties of undefined (reading 'getText')
[11/28/2024, 1:18:23 AM] info: Cannot read properties of undefined (reading 'getText')
[11/28/2024, 1:18:23 AM] info: Cannot read properties of undefined (reading 'getText')
[11/28/2024, 1:18:23 AM] info: Cannot read properties of undefined (reading 'getText')
[11/28/2024, 1:18:23 AM] info: Cannot read properties of undefined (reading 'getText')
[11/28/2024, 1:18:23 AM] info: Cannot read properties of undefined (reading 'getText')
[11/28/2024, 1:18:23 AM] info: cannot open file:///c%3A/Positive%20Technologies/AI/apps/Solidity/solidity-smoke-v2-rules/low-level-calls.sol. Detail: Unable to read file 'c:\Positive Technologies\AI\apps\Solidity\solidity-smoke-v2-rules\low-level-calls.sol' (Error: Unable to resolve nonexistent file 'c:\Positive Technologies\AI\apps\Solidity\solidity-smoke-v2-rules\low-level-calls.sol')
[11/28/2024, 1:18:23 AM] info: Cannot read properties of undefined (reading 'getText')
[11/28/2024, 1:18:23 AM] info: Cannot read properties of undefined (reading 'getText')
[11/28/2024, 1:18:23 AM] info: Cannot read properties of undefined (reading 'getText')
[11/28/2024, 1:18:23 AM] info: Cannot read properties of undefined (reading 'getText')
[11/28/2024, 1:18:23 AM] info: Cannot read properties of undefined (reading 'getText')
[11/28/2024, 1:18:23 AM] info: Cannot read properties of undefined (reading 'getText')
[11/28/2024, 1:18:23 AM] info: Cannot read properties of undefined (reading 'getText')
[11/28/2024, 1:18:23 AM] info: Cannot read properties of undefined (reading 'getText')
[11/28/2024, 1:18:23 AM] info: cannot open file:///c%3A/Positive%20Technologies/AI/apps/Solidity/solidity-smoke-v2-rules/mapping-deletion.sol. Detail: Unable to read file 'c:\Positive Technologies\AI\apps\Solidity\solidity-smoke-v2-rules\mapping-deletion.sol' (Error: Unable to resolve nonexistent file 'c:\Positive Technologies\AI\apps\Solidity\solidity-smoke-v2-rules\mapping-deletion.sol')
[11/28/2024, 1:18:23 AM] info: Cannot read properties of undefined (reading 'getText')
[11/28/2024, 1:18:23 AM] info: cannot open file:///c%3A/Positive%20Technologies/AI/apps/Solidity/solidity-smoke-v2-rules/missing-inheritance.sol. Detail: Unable to read file 'c:\Positive Technologies\AI\apps\Solidity\solidity-smoke-v2-rules\missing-inheritance.sol' (Error: Unable to resolve nonexistent file 'c:\Positive Technologies\AI\apps\Solidity\solidity-smoke-v2-rules\missing-inheritance.sol')
[11/28/2024, 1:18:23 AM] info: Cannot read properties of undefined (reading 'getText')
[11/28/2024, 1:18:23 AM] info: cannot open file:///c%3A/Positive%20Technologies/AI/apps/Solidity/solidity-smoke-v2-rules/missing-zero-check.sol. Detail: Unable to read file 'c:\Positive Technologies\AI\apps\Solidity\solidity-smoke-v2-rules\missing-zero-check.sol' (Error: Unable to resolve nonexistent file 'c:\Positive Technologies\AI\apps\Solidity\solidity-smoke-v2-rules\missing-zero-check.sol')
[11/28/2024, 1:18:23 AM] info: Cannot read properties of undefined (reading 'getText')
[11/28/2024, 1:18:23 AM] info: cannot open file:///c%3A/Positive%20Technologies/AI/apps/Solidity/solidity-smoke-v2-rules/msg-value-loop.sol. Detail: Unable to read file 'c:\Positive Technologies\AI\apps\Solidity\solidity-smoke-v2-rules\msg-value-loop.sol' (Error: Unable to resolve nonexistent file 'c:\Positive Technologies\AI\apps\Solidity\solidity-smoke-v2-rules\msg-value-loop.sol')
[11/28/2024, 1:18:23 AM] info: Cannot read properties of undefined (reading 'getText')
[11/28/2024, 1:18:23 AM] info: Cannot read properties of undefined (reading 'getText')
[11/28/2024, 1:18:23 AM] info: Cannot read properties of undefined (reading 'getText')
[11/28/2024, 1:18:23 AM] info: cannot open file:///c%3A/Positive%20Technologies/AI/apps/Solidity/solidity-smoke-v2-rules/multiple-constructors.sol. Detail: Unable to read file 'c:\Positive Technologies\AI\apps\Solidity\solidity-smoke-v2-rules\multiple-constructors.sol' (Error: Unable to resolve nonexistent file 'c:\Positive Technologies\AI\apps\Solidity\solidity-smoke-v2-rules\multiple-constructors.sol')
[11/28/2024, 1:18:23 AM] info: Cannot read properties of undefined (reading 'getText')
[11/28/2024, 1:18:23 AM] info: Cannot read properties of undefined (reading 'getText')
[11/28/2024, 1:18:23 AM] info: Cannot read properties of undefined (reading 'getText')
[11/28/2024, 1:18:23 AM] info: Cannot read properties of undefined (reading 'getText')
[11/28/2024, 1:18:23 AM] info: cannot open file:///c%3A/Positive%20Technologies/AI/apps/Solidity/solidity-smoke-v2-rules/name-reused.sol. Detail: Unable to read file 'c:\Positive Technologies\AI\apps\Solidity\solidity-smoke-v2-rules\name-reused.sol' (Error: Unable to resolve nonexistent file 'c:\Positive Technologies\AI\apps\Solidity\solidity-smoke-v2-rules\name-reused.sol')
[11/28/2024, 1:18:23 AM] info: Cannot read properties of undefined (reading 'getText')
[11/28/2024, 1:18:23 AM] info: Cannot read properties of undefined (reading 'getText')
[11/28/2024, 1:18:23 AM] info: Cannot read properties of undefined (reading 'getText')
[11/28/2024, 1:18:23 AM] info: cannot open file:///c%3A/Positive%20Technologies/AI/apps/Solidity/solidity-smoke-v2-rules/naming-convention.sol. Detail: Unable to read file 'c:\Positive Technologies\AI\apps\Solidity\solidity-smoke-v2-rules\naming-convention.sol' (Error: Unable to resolve nonexistent file 'c:\Positive Technologies\AI\apps\Solidity\solidity-smoke-v2-rules\naming-convention.sol')
[11/28/2024, 1:18:23 AM] info: Cannot read properties of undefined (reading 'getText')
[11/28/2024, 1:18:23 AM] info: Cannot read properties of undefined (reading 'getText')
[11/28/2024, 1:18:23 AM] info: Cannot read properties of undefined (reading 'getText')
[11/28/2024, 1:18:23 AM] info: Cannot read properties of undefined (reading 'getText')
[11/28/2024, 1:18:23 AM] info: Cannot read properties of undefined (reading 'getText')
[11/28/2024, 1:18:23 AM] info: Cannot read properties of undefined (reading 'getText')
[11/28/2024, 1:18:23 AM] info: Cannot read properties of undefined (reading 'getText')
[11/28/2024, 1:18:23 AM] info: Cannot read properties of undefined (reading 'getText')
[11/28/2024, 1:18:23 AM] info: Cannot read properties of undefined (reading 'getText')
[11/28/2024, 1:18:23 AM] info: Cannot read properties of undefined (reading 'getText')
[11/28/2024, 1:18:23 AM] info: Cannot read properties of undefined (reading 'getText')
[11/28/2024, 1:18:23 AM] info: Cannot read properties of undefined (reading 'getText')
[11/28/2024, 1:18:23 AM] info: Cannot read properties of undefined (reading 'getText')
[11/28/2024, 1:18:23 AM] info: Cannot read properties of undefined (reading 'getText')
[11/28/2024, 1:18:23 AM] info: Cannot read properties of undefined (reading 'getText')
[11/28/2024, 1:18:23 AM] info: Cannot read properties of undefined (reading 'getText')
[11/28/2024, 1:18:23 AM] info: Cannot read properties of undefined (reading 'getText')
[11/28/2024, 1:18:23 AM] info: Cannot read properties of undefined (reading 'getText')
[11/28/2024, 1:18:23 AM] info: Cannot read properties of undefined (reading 'getText')
[11/28/2024, 1:18:23 AM] info: cannot open file:///c%3A/Positive%20Technologies/AI/apps/Solidity/solidity-smoke-v2-rules/protected-vars.sol. Detail: Unable to read file 'c:\Positive Technologies\AI\apps\Solidity\solidity-smoke-v2-rules\protected-vars.sol' (Error: Unable to resolve nonexistent file 'c:\Positive Technologies\AI\apps\Solidity\solidity-smoke-v2-rules\protected-vars.sol')
[11/28/2024, 1:18:23 AM] info: Cannot read properties of undefined (reading 'getText')
[11/28/2024, 1:18:23 AM] info: Cannot read properties of undefined (reading 'getText')
[11/28/2024, 1:18:23 AM] info: Cannot read properties of undefined (reading 'getText')
[11/28/2024, 1:18:23 AM] info: cannot open file:///c%3A/Positive%20Technologies/AI/apps/Solidity/solidity-smoke-v2-rules/reentrancy-eth.sol. Detail: Unable to read file 'c:\Positive Technologies\AI\apps\Solidity\solidity-smoke-v2-rules\reentrancy-eth.sol' (Error: Unable to resolve nonexistent file 'c:\Positive Technologies\AI\apps\Solidity\solidity-smoke-v2-rules\reentrancy-eth.sol')
[11/28/2024, 1:18:23 AM] info: Cannot read properties of undefined (reading 'getText')
[11/28/2024, 1:18:23 AM] info: Cannot read properties of undefined (reading 'getText')
[11/28/2024, 1:18:23 AM] info: Cannot read properties of undefined (reading 'getText')
[11/28/2024, 1:18:23 AM] info: Cannot read properties of undefined (reading 'getText')
[11/28/2024, 1:18:23 AM] info: Cannot read properties of undefined (reading 'getText')
[11/28/2024, 1:18:23 AM] info: Cannot read properties of undefined (reading 'getText')
[11/28/2024, 1:18:23 AM] info: Cannot read properties of undefined (reading 'getText')
[11/28/2024, 1:18:23 AM] info: cannot open file:///c%3A/Positive%20Technologies/AI/apps/Solidity/solidity-smoke-v2-rules/return-leave.sol. Detail: Unable to read file 'c:\Positive Technologies\AI\apps\Solidity\solidity-smoke-v2-rules\return-leave.sol' (Error: Unable to resolve nonexistent file 'c:\Positive Technologies\AI\apps\Solidity\solidity-smoke-v2-rules\return-leave.sol')
[11/28/2024, 1:18:23 AM] info: Cannot read properties of undefined (reading 'getText')
[11/28/2024, 1:18:23 AM] info: Cannot read properties of undefined (reading 'getText')
[11/28/2024, 1:18:23 AM] info: cannot open file:///c%3A/Positive%20Technologies/AI/apps/Solidity/solidity-smoke-v2-rules/reused-constructor.sol. Detail: Unable to read file 'c:\Positive Technologies\AI\apps\Solidity\solidity-smoke-v2-rules\reused-constructor.sol' (Error: Unable to resolve nonexistent file 'c:\Positive Technologies\AI\apps\Solidity\solidity-smoke-v2-rules\reused-constructor.sol')
[11/28/2024, 1:18:23 AM] info: cannot open file:///c%3A/Positive%20Technologies/AI/apps/Solidity/solidity-smoke-v2-rules/rtlo.sol. Detail: Unable to read file 'c:\Positive Technologies\AI\apps\Solidity\solidity-smoke-v2-rules\rtlo.sol' (Error: Unable to resolve nonexistent file 'c:\Positive Technologies\AI\apps\Solidity\solidity-smoke-v2-rules\rtlo.sol')
[11/28/2024, 1:18:23 AM] info: Cannot read properties of undefined (reading 'getText')
[11/28/2024, 1:18:23 AM] info: Cannot read properties of undefined (reading 'getText')
[11/28/2024, 1:18:23 AM] info: Cannot read properties of undefined (reading 'getText')
[11/28/2024, 1:18:23 AM] info: Cannot read properties of undefined (reading 'getText')
[11/28/2024, 1:18:23 AM] info: Cannot read properties of undefined (reading 'getText')
[11/28/2024, 1:18:23 AM] info: Cannot read properties of undefined (reading 'getText')
[11/28/2024, 1:18:23 AM] info: cannot open file:///c%3A/Positive%20Technologies/AI/apps/Solidity/solidity-smoke-v2-rules/shadowing-builtin.sol. Detail: Unable to read file 'c:\Positive Technologies\AI\apps\Solidity\solidity-smoke-v2-rules\shadowing-builtin.sol' (Error: Unable to resolve nonexistent file 'c:\Positive Technologies\AI\apps\Solidity\solidity-smoke-v2-rules\shadowing-builtin.sol')
[11/28/2024, 1:18:23 AM] info: Cannot read properties of undefined (reading 'getText')
[11/28/2024, 1:18:23 AM] info: Cannot read properties of undefined (reading 'getText')
[11/28/2024, 1:18:23 AM] info: Cannot read properties of undefined (reading 'getText')
[11/28/2024, 1:18:23 AM] info: Cannot read properties of undefined (reading 'getText')
[11/28/2024, 1:18:23 AM] info: Cannot read properties of undefined (reading 'getText')
[11/28/2024, 1:18:23 AM] info: Cannot read properties of undefined (reading 'getText')
[11/28/2024, 1:18:23 AM] info: cannot open file:///c%3A/Positive%20Technologies/AI/apps/Solidity/solidity-smoke-v2-rules/shadowing-local.sol. Detail: Unable to read file 'c:\Positive Technologies\AI\apps\Solidity\solidity-smoke-v2-rules\shadowing-local.sol' (Error: Unable to resolve nonexistent file 'c:\Positive Technologies\AI\apps\Solidity\solidity-smoke-v2-rules\shadowing-local.sol')
[11/28/2024, 1:18:23 AM] info: Cannot read properties of undefined (reading 'getText')
[11/28/2024, 1:18:23 AM] info: Cannot read properties of undefined (reading 'getText')
[11/28/2024, 1:18:23 AM] info: Cannot read properties of undefined (reading 'getText')
[11/28/2024, 1:18:23 AM] info: cannot open file:///c%3A/Positive%20Technologies/AI/apps/Solidity/solidity-smoke-v2-rules/shadowing-state.sol. Detail: Unable to read file 'c:\Positive Technologies\AI\apps\Solidity\solidity-smoke-v2-rules\shadowing-state.sol' (Error: Unable to resolve nonexistent file 'c:\Positive Technologies\AI\apps\Solidity\solidity-smoke-v2-rules\shadowing-state.sol')
[11/28/2024, 1:18:23 AM] info: Cannot read properties of undefined (reading 'getText')
[11/28/2024, 1:18:23 AM] info: Cannot read properties of undefined (reading 'getText')
[11/28/2024, 1:18:23 AM] info: Cannot read properties of undefined (reading 'getText')
[11/28/2024, 1:18:23 AM] info: Cannot read properties of undefined (reading 'getText')
[11/28/2024, 1:18:23 AM] info: Cannot read properties of undefined (reading 'getText')
[11/28/2024, 1:18:23 AM] info: cannot open file:///c%3A/Positive%20Technologies/AI/apps/Solidity/solidity-smoke-v2-rules/solc-version.sol. Detail: Unable to read file 'c:\Positive Technologies\AI\apps\Solidity\solidity-smoke-v2-rules\solc-version.sol' (Error: Unable to resolve nonexistent file 'c:\Positive Technologies\AI\apps\Solidity\solidity-smoke-v2-rules\solc-version.sol')
[11/28/2024, 1:18:23 AM] info: Cannot read properties of undefined (reading 'getText')
[11/28/2024, 1:18:23 AM] info: Cannot read properties of undefined (reading 'getText')
[11/28/2024, 1:18:23 AM] info: Cannot read properties of undefined (reading 'getText')
[11/28/2024, 1:18:23 AM] info: cannot open file:///c%3A/Positive%20Technologies/AI/apps/Solidity/solidity-smoke-v2-rules/suicidal.sol. Detail: Unable to read file 'c:\Positive Technologies\AI\apps\Solidity\solidity-smoke-v2-rules\suicidal.sol' (Error: Unable to resolve nonexistent file 'c:\Positive Technologies\AI\apps\Solidity\solidity-smoke-v2-rules\suicidal.sol')
[11/28/2024, 1:18:23 AM] info: Cannot read properties of undefined (reading 'getText')
[11/28/2024, 1:18:23 AM] info: cannot open file:///c%3A/Positive%20Technologies/AI/apps/Solidity/solidity-smoke-v2-rules/tautological-compare.sol. Detail: Unable to read file 'c:\Positive Technologies\AI\apps\Solidity\solidity-smoke-v2-rules\tautological-compare.sol' (Error: Unable to resolve nonexistent file 'c:\Positive Technologies\AI\apps\Solidity\solidity-smoke-v2-rules\tautological-compare.sol')
[11/28/2024, 1:18:23 AM] info: Cannot read properties of undefined (reading 'getText')
[11/28/2024, 1:18:23 AM] info: Cannot read properties of undefined (reading 'getText')
[11/28/2024, 1:18:23 AM] info: Cannot read properties of undefined (reading 'getText')
[11/28/2024, 1:18:23 AM] info: Cannot read properties of undefined (reading 'getText')
[11/28/2024, 1:18:23 AM] info: Cannot read properties of undefined (reading 'getText')
[11/28/2024, 1:18:23 AM] info: Cannot read properties of undefined (reading 'getText')
[11/28/2024, 1:18:23 AM] info: cannot open file:///c%3A/Positive%20Technologies/AI/apps/Solidity/solidity-smoke-v2-rules/tautology.sol. Detail: Unable to read file 'c:\Positive Technologies\AI\apps\Solidity\solidity-smoke-v2-rules\tautology.sol' (Error: Unable to resolve nonexistent file 'c:\Positive Technologies\AI\apps\Solidity\solidity-smoke-v2-rules\tautology.sol')
[11/28/2024, 1:18:23 AM] info: cannot open file:///c%3A/Positive%20Technologies/AI/apps/Solidity/solidity-smoke-v2-rules/timestamp.sol. Detail: Unable to read file 'c:\Positive Technologies\AI\apps\Solidity\solidity-smoke-v2-rules\timestamp.sol' (Error: Unable to resolve nonexistent file 'c:\Positive Technologies\AI\apps\Solidity\solidity-smoke-v2-rules\timestamp.sol')
[11/28/2024, 1:18:23 AM] info: Cannot read properties of undefined (reading 'getText')
[11/28/2024, 1:18:23 AM] info: Cannot read properties of undefined (reading 'getText')
[11/28/2024, 1:18:23 AM] info: Cannot read properties of undefined (reading 'getText')
[11/28/2024, 1:18:23 AM] info: Cannot read properties of undefined (reading 'getText')
[11/28/2024, 1:18:23 AM] info: Cannot read properties of undefined (reading 'getText')
[11/28/2024, 1:18:23 AM] info: Cannot read properties of undefined (reading 'getText')
[11/28/2024, 1:18:23 AM] info: Cannot read properties of undefined (reading 'getText')
[11/28/2024, 1:18:23 AM] info: cannot open file:///c%3A/Positive%20Technologies/AI/apps/Solidity/solidity-smoke-v2-rules/too-many-digits.sol. Detail: Unable to read file 'c:\Positive Technologies\AI\apps\Solidity\solidity-smoke-v2-rules\too-many-digits.sol' (Error: Unable to resolve nonexistent file 'c:\Positive Technologies\AI\apps\Solidity\solidity-smoke-v2-rules\too-many-digits.sol')
[11/28/2024, 1:18:23 AM] info: Cannot read properties of undefined (reading 'getText')
[11/28/2024, 1:18:23 AM] info: Cannot read properties of undefined (reading 'getText')
[11/28/2024, 1:18:23 AM] info: Cannot read properties of undefined (reading 'getText')
[11/28/2024, 1:18:23 AM] info: Cannot read properties of undefined (reading 'getText')
[11/28/2024, 1:18:23 AM] info: Cannot read properties of undefined (reading 'getText')
[11/28/2024, 1:18:23 AM] info: Cannot read properties of undefined (reading 'getText')
[11/28/2024, 1:18:23 AM] info: Cannot read properties of undefined (reading 'getText')
[11/28/2024, 1:18:23 AM] info: Cannot read properties of undefined (reading 'getText')
[11/28/2024, 1:18:23 AM] info: cannot open file:///c%3A/Positive%20Technologies/AI/apps/Solidity/solidity-smoke-v2-rules/tx-origin.sol. Detail: Unable to read file 'c:\Positive Technologies\AI\apps\Solidity\solidity-smoke-v2-rules\tx-origin.sol' (Error: Unable to resolve nonexistent file 'c:\Positive Technologies\AI\apps\Solidity\solidity-smoke-v2-rules\tx-origin.sol')
[11/28/2024, 1:18:23 AM] info: Cannot read properties of undefined (reading 'getText')
[11/28/2024, 1:18:23 AM] info: Cannot read properties of undefined (reading 'getText')
[11/28/2024, 1:18:23 AM] info: Cannot read properties of undefined (reading 'getText')
[11/28/2024, 1:18:23 AM] info: Cannot read properties of undefined (reading 'getText')
[11/28/2024, 1:18:23 AM] info: Cannot read properties of undefined (reading 'getText')
[11/28/2024, 1:18:23 AM] info: cannot open file:///c%3A/Positive%20Technologies/AI/apps/Solidity/solidity-smoke-v2-rules/unchecked-low-level-call.sol. Detail: Unable to read file 'c:\Positive Technologies\AI\apps\Solidity\solidity-smoke-v2-rules\unchecked-low-level-call.sol' (Error: Unable to resolve nonexistent file 'c:\Positive Technologies\AI\apps\Solidity\solidity-smoke-v2-rules\unchecked-low-level-call.sol')
[11/28/2024, 1:18:23 AM] info: Cannot read properties of undefined (reading 'getText')
[11/28/2024, 1:18:23 AM] info: Cannot read properties of undefined (reading 'getText')
[11/28/2024, 1:18:23 AM] info: Cannot read properties of undefined (reading 'getText')
[11/28/2024, 1:18:23 AM] info: Cannot read properties of undefined (reading 'getText')
[11/28/2024, 1:18:23 AM] info: Cannot read properties of undefined (reading 'getText')
[11/28/2024, 1:18:23 AM] info: Cannot read properties of undefined (reading 'getText')
[11/28/2024, 1:18:23 AM] info: Cannot read properties of undefined (reading 'getText')
[11/28/2024, 1:18:23 AM] info: Cannot read properties of undefined (reading 'getText')
[11/28/2024, 1:18:23 AM] info: cannot open file:///c%3A/Positive%20Technologies/AI/apps/Solidity/solidity-smoke-v2-rules/unchecked-send.sol. Detail: Unable to read file 'c:\Positive Technologies\AI\apps\Solidity\solidity-smoke-v2-rules\unchecked-send.sol' (Error: Unable to resolve nonexistent file 'c:\Positive Technologies\AI\apps\Solidity\solidity-smoke-v2-rules\unchecked-send.sol')
[11/28/2024, 1:18:23 AM] info: Cannot read properties of undefined (reading 'getText')
[11/28/2024, 1:18:23 AM] info: Cannot read properties of undefined (reading 'getText')
[11/28/2024, 1:18:23 AM] info: Cannot read properties of undefined (reading 'getText')
[11/28/2024, 1:18:23 AM] info: Cannot read properties of undefined (reading 'getText')
[11/28/2024, 1:18:23 AM] info: Cannot read properties of undefined (reading 'getText')
[11/28/2024, 1:18:23 AM] info: Cannot read properties of undefined (reading 'getText')
[11/28/2024, 1:18:23 AM] info: Cannot read properties of undefined (reading 'getText')
[11/28/2024, 1:18:23 AM] info: Cannot read properties of undefined (reading 'getText')
[11/28/2024, 1:18:23 AM] info: Cannot read properties of undefined (reading 'getText')
[11/28/2024, 1:18:23 AM] info: Cannot read properties of undefined (reading 'getText')
[11/28/2024, 1:18:23 AM] info: Cannot read properties of undefined (reading 'getText')
[11/28/2024, 1:18:23 AM] info: cannot open file:///c%3A/Positive%20Technologies/AI/apps/Solidity/solidity-smoke-v2-rules/unchecked-transfer.sol. Detail: Unable to read file 'c:\Positive Technologies\AI\apps\Solidity\solidity-smoke-v2-rules\unchecked-transfer.sol' (Error: Unable to resolve nonexistent file 'c:\Positive Technologies\AI\apps\Solidity\solidity-smoke-v2-rules\unchecked-transfer.sol')
[11/28/2024, 1:18:23 AM] info: Cannot read properties of undefined (reading 'getText')
[11/28/2024, 1:18:23 AM] info: Cannot read properties of undefined (reading 'getText')
[11/28/2024, 1:18:23 AM] info: Cannot read properties of undefined (reading 'getText')
[11/28/2024, 1:18:23 AM] info: Cannot read properties of undefined (reading 'getText')
[11/28/2024, 1:18:23 AM] info: Cannot read properties of undefined (reading 'getText')
[11/28/2024, 1:18:23 AM] info: cannot open file:///c%3A/Positive%20Technologies/AI/apps/Solidity/solidity-smoke-v2-rules/unimplemented-functions.sol. Detail: Unable to read file 'c:\Positive Technologies\AI\apps\Solidity\solidity-smoke-v2-rules\unimplemented-functions.sol' (Error: Unable to resolve nonexistent file 'c:\Positive Technologies\AI\apps\Solidity\solidity-smoke-v2-rules\unimplemented-functions.sol')
[11/28/2024, 1:18:23 AM] info: cannot open file:///c%3A/Positive%20Technologies/AI/apps/Solidity/solidity-smoke-v2-rules/uninitialized-local.sol. Detail: Unable to read file 'c:\Positive Technologies\AI\apps\Solidity\solidity-smoke-v2-rules\uninitialized-local.sol' (Error: Unable to resolve nonexistent file 'c:\Positive Technologies\AI\apps\Solidity\solidity-smoke-v2-rules\uninitialized-local.sol')
[11/28/2024, 1:18:23 AM] info: Cannot read properties of undefined (reading 'getText')
[11/28/2024, 1:18:23 AM] info: Cannot read properties of undefined (reading 'getText')
[11/28/2024, 1:18:23 AM] info: Cannot read properties of undefined (reading 'getText')
[11/28/2024, 1:18:23 AM] info: cannot open file:///c%3A/Positive%20Technologies/AI/apps/Solidity/solidity-smoke-v2-rules/uninitialized-state.sol. Detail: Unable to read file 'c:\Positive Technologies\AI\apps\Solidity\solidity-smoke-v2-rules\uninitialized-state.sol' (Error: Unable to resolve nonexistent file 'c:\Positive Technologies\AI\apps\Solidity\solidity-smoke-v2-rules\uninitialized-state.sol')
[11/28/2024, 1:18:23 AM] info: Cannot read properties of undefined (reading 'getText')
[11/28/2024, 1:18:23 AM] info: Cannot read properties of undefined (reading 'getText')
[11/28/2024, 1:18:23 AM] info: cannot open file:///c%3A/Positive%20Technologies/AI/apps/Solidity/solidity-smoke-v2-rules/unprotected-upgrade.sol. Detail: Unable to read file 'c:\Positive Technologies\AI\apps\Solidity\solidity-smoke-v2-rules\unprotected-upgrade.sol' (Error: Unable to resolve nonexistent file 'c:\Positive Technologies\AI\apps\Solidity\solidity-smoke-v2-rules\unprotected-upgrade.sol')
[11/28/2024, 1:18:23 AM] info: Cannot read properties of undefined (reading 'getText')
[11/28/2024, 1:18:23 AM] info: cannot open file:///c%3A/Positive%20Technologies/AI/apps/Solidity/solidity-smoke-v2-rules/unused-import.sol. Detail: Unable to read file 'c:\Positive Technologies\AI\apps\Solidity\solidity-smoke-v2-rules\unused-import.sol' (Error: Unable to resolve nonexistent file 'c:\Positive Technologies\AI\apps\Solidity\solidity-smoke-v2-rules\unused-import.sol')
[11/28/2024, 1:18:23 AM] info: Cannot read properties of undefined (reading 'getText')
[11/28/2024, 1:18:23 AM] info: Cannot read properties of undefined (reading 'getText')
[11/28/2024, 1:18:23 AM] info: cannot open file:///c%3A/Positive%20Technologies/AI/apps/Solidity/solidity-smoke-v2-rules/unused-state.sol. Detail: Unable to read file 'c:\Positive Technologies\AI\apps\Solidity\solidity-smoke-v2-rules\unused-state.sol' (Error: Unable to resolve nonexistent file 'c:\Positive Technologies\AI\apps\Solidity\solidity-smoke-v2-rules\unused-state.sol')
[11/28/2024, 1:18:23 AM] info: Cannot read properties of undefined (reading 'getText')
[11/28/2024, 1:18:23 AM] info: Cannot read properties of undefined (reading 'getText')
[11/28/2024, 1:18:23 AM] info: cannot open file:///c%3A/Positive%20Technologies/AI/apps/Solidity/solidity-smoke-v2-rules/var-read-using-this.sol. Detail: Unable to read file 'c:\Positive Technologies\AI\apps\Solidity\solidity-smoke-v2-rules\var-read-using-this.sol' (Error: Unable to resolve nonexistent file 'c:\Positive Technologies\AI\apps\Solidity\solidity-smoke-v2-rules\var-read-using-this.sol')
[11/28/2024, 1:18:23 AM] info: Cannot read properties of undefined (reading 'getText')
[11/28/2024, 1:18:23 AM] info: Cannot read properties of undefined (reading 'getText')
[11/28/2024, 1:18:23 AM] info: cannot open file:///c%3A/Positive%20Technologies/AI/apps/Solidity/solidity-smoke-v2-rules/variable-scope.sol. Detail: Unable to read file 'c:\Positive Technologies\AI\apps\Solidity\solidity-smoke-v2-rules\variable-scope.sol' (Error: Unable to resolve nonexistent file 'c:\Positive Technologies\AI\apps\Solidity\solidity-smoke-v2-rules\variable-scope.sol')
[11/28/2024, 1:18:23 AM] info: cannot open file:///c%3A/Positive%20Technologies/AI/apps/Solidity/solidity-smoke-v2-rules/void-cst.sol. Detail: Unable to read file 'c:\Positive Technologies\AI\apps\Solidity\solidity-smoke-v2-rules\void-cst.sol' (Error: Unable to resolve nonexistent file 'c:\Positive Technologies\AI\apps\Solidity\solidity-smoke-v2-rules\void-cst.sol')
[11/28/2024, 1:18:23 AM] info: cannot open file:///c%3A/Positive%20Technologies/AI/apps/Solidity/solidity-smoke-v2-rules/weak-prng.sol. Detail: Unable to read file 'c:\Positive Technologies\AI\apps\Solidity\solidity-smoke-v2-rules\weak-prng.sol' (Error: Unable to resolve nonexistent file 'c:\Positive Technologies\AI\apps\Solidity\solidity-smoke-v2-rules\weak-prng.sol')
[11/28/2024, 1:18:23 AM] info: Cannot read properties of undefined (reading 'getText')
[11/28/2024, 1:18:23 AM] info: Cannot read properties of undefined (reading 'getText')
[11/28/2024, 1:18:23 AM] info: Cannot read properties of undefined (reading 'getText')
[11/28/2024, 1:18:23 AM] info: Cannot read properties of undefined (reading 'getText')
[11/28/2024, 1:18:23 AM] info: Cannot read properties of undefined (reading 'getText')
[11/28/2024, 1:18:23 AM] info: Cannot read properties of undefined (reading 'getText')
[11/28/2024, 1:18:23 AM] info: Cannot read properties of undefined (reading 'getText')
[11/28/2024, 1:18:23 AM] info: Cannot read properties of undefined (reading 'getText')
[11/28/2024, 1:18:23 AM] info: Cannot read properties of undefined (reading 'getText')
[11/28/2024, 1:18:23 AM] info: Cannot read properties of undefined (reading 'getText')
[11/28/2024, 1:18:23 AM] info: Cannot read properties of undefined (reading 'getText')
[11/28/2024, 1:18:23 AM] info: Cannot read properties of undefined (reading 'getText')
[11/28/2024, 1:18:23 AM] info: cannot open file:///c%3A/Positive%20Technologies/AI/apps/Solidity/solidity-smoke-v2-rules/write-after-write.sol. Detail: Unable to read file 'c:\Positive Technologies\AI\apps\Solidity\solidity-smoke-v2-rules\write-after-write.sol' (Error: Unable to resolve nonexistent file 'c:\Positive Technologies\AI\apps\Solidity\solidity-smoke-v2-rules\write-after-write.sol')
[11/28/2024, 1:18:23 AM] info: Cannot read properties of undefined (reading 'getText')
[11/28/2024, 1:18:23 AM] info: cannot open file:///c%3A/Positive%20Technologies/AI/apps/Solidity/solidity-smoke-v2-rules/_reentrancy-eth.sol. Detail: Unable to read file 'c:\Positive Technologies\AI\apps\Solidity\solidity-smoke-v2-rules\_reentrancy-eth.sol' (Error: Unable to resolve nonexistent file 'c:\Positive Technologies\AI\apps\Solidity\solidity-smoke-v2-rules\_reentrancy-eth.sol')
[11/28/2024, 1:18:23 AM] info: Cannot read properties of undefined (reading 'getText')
[11/28/2024, 1:18:23 AM] info: Cannot read properties of undefined (reading 'getText')
[11/28/2024, 1:18:23 AM] info: Cannot read properties of undefined (reading 'getText')
[11/28/2024, 1:18:23 AM] info: Cannot read properties of undefined (reading 'getText')
[11/28/2024, 1:18:23 AM] info: Cannot read properties of undefined (reading 'getText')
[11/28/2024, 1:18:23 AM] info: Cannot read properties of undefined (reading 'getText')
[11/28/2024, 1:18:23 AM] info: Cannot read properties of undefined (reading 'getText')
[11/28/2024, 1:18:23 AM] info: Rendering scan result was finished
