2024-10-30 11:18:07.792305 ║INFO	║ 30392	║ process file c:\Positive Technologies\AI\apps\Solidity\solidity-smoke-v2-rules\rules
2024-10-30 11:18:07.797318 ║INFO	║ 30392	║ process file c:\Positive Technologies\AI\apps\Solidity\solidity-smoke-v2-rules\rules\arbitrary-send-erc20-permit.yaml
2024-10-30 11:18:07.803020 ║INFO	║ 30392	║ process file c:\Positive Technologies\AI\apps\Solidity\solidity-smoke-v2-rules\rules\arbitrary-send-erc20.yaml
2024-10-30 11:18:07.808848 ║INFO	║ 30392	║ process file c:\Positive Technologies\AI\apps\Solidity\solidity-smoke-v2-rules\rules\assembly.yaml
2024-10-30 11:18:07.815338 ║INFO	║ 30392	║ process file c:\Positive Technologies\AI\apps\Solidity\solidity-smoke-v2-rules\rules\assert-state-change.yaml
2024-10-30 11:18:07.820347 ║INFO	║ 30392	║ process file c:\Positive Technologies\AI\apps\Solidity\solidity-smoke-v2-rules\rules\calls-loop.yaml
2024-10-30 11:18:07.826363 ║INFO	║ 30392	║ process file c:\Positive Technologies\AI\apps\Solidity\solidity-smoke-v2-rules\rules\controlled-array-length.yaml
2024-10-30 11:18:07.834384 ║INFO	║ 30392	║ process file c:\Positive Technologies\AI\apps\Solidity\solidity-smoke-v2-rules\rules\delegatecall-loop.yaml
2024-10-30 11:18:07.840399 ║INFO	║ 30392	║ process file c:\Positive Technologies\AI\apps\Solidity\solidity-smoke-v2-rules\rules\divide-before-multiply.yaml
2024-10-30 11:18:07.847418 ║INFO	║ 30392	║ process file c:\Positive Technologies\AI\apps\Solidity\solidity-smoke-v2-rules\rules\encode-packed-collision.yaml
2024-10-30 11:18:07.859446 ║INFO	║ 30392	║ process file c:\Positive Technologies\AI\apps\Solidity\solidity-smoke-v2-rules\rules\erc20-indexed.yaml
2024-10-30 11:18:07.872980 ║INFO	║ 30392	║ process file c:\Positive Technologies\AI\apps\Solidity\solidity-smoke-v2-rules\rules\erc20-interface.yaml
2024-10-30 11:18:07.887505 ║INFO	║ 30392	║ process file c:\Positive Technologies\AI\apps\Solidity\solidity-smoke-v2-rules\rules\erc721-interface.yaml
2024-10-30 11:18:07.899545 ║INFO	║ 30392	║ process file c:\Positive Technologies\AI\apps\Solidity\solidity-smoke-v2-rules\rules\incorrect-equality.yaml
2024-10-30 11:18:07.912244 ║INFO	║ 30392	║ process file c:\Positive Technologies\AI\apps\Solidity\solidity-smoke-v2-rules\rules\incorrect-exp.yaml
2024-10-30 11:18:07.924807 ║INFO	║ 30392	║ process file c:\Positive Technologies\AI\apps\Solidity\solidity-smoke-v2-rules\rules\incorrect-return.yaml
2024-10-30 11:18:07.943171 ║INFO	║ 30392	║ process file c:\Positive Technologies\AI\apps\Solidity\solidity-smoke-v2-rules\rules\incorrect-shift.yaml
2024-10-30 11:18:07.956221 ║INFO	║ 30392	║ process file c:\Positive Technologies\AI\apps\Solidity\solidity-smoke-v2-rules\rules\incorrect-unary.yaml
2024-10-30 11:18:07.968879 ║INFO	║ 30392	║ process file c:\Positive Technologies\AI\apps\Solidity\solidity-smoke-v2-rules\rules\locked-ether.yaml
2024-10-30 11:18:07.976888 ║INFO	║ 30392	║ process file c:\Positive Technologies\AI\apps\Solidity\solidity-smoke-v2-rules\rules\low-level-calls.yaml
2024-10-30 11:18:07.983906 ║INFO	║ 30392	║ process file c:\Positive Technologies\AI\apps\Solidity\solidity-smoke-v2-rules\rules\missing-inheritance.yaml
2024-10-30 11:18:07.990924 ║INFO	║ 30392	║ process file c:\Positive Technologies\AI\apps\Solidity\solidity-smoke-v2-rules\rules\msg-value-loop.yaml
2024-10-30 11:18:07.997943 ║INFO	║ 30392	║ process file c:\Positive Technologies\AI\apps\Solidity\solidity-smoke-v2-rules\rules\multiple-constructors.yaml
2024-10-30 11:18:08.006315 ║INFO	║ 30392	║ process file c:\Positive Technologies\AI\apps\Solidity\solidity-smoke-v2-rules\rules\name-reused.yaml
2024-10-30 11:18:08.015340 ║INFO	║ 30392	║ process file c:\Positive Technologies\AI\apps\Solidity\solidity-smoke-v2-rules\rules\naming-convention.yaml
2024-10-30 11:18:08.023359 ║INFO	║ 30392	║ process file c:\Positive Technologies\AI\apps\Solidity\solidity-smoke-v2-rules\rules\return-leave.yaml
2024-10-30 11:18:08.033386 ║INFO	║ 30392	║ process file c:\Positive Technologies\AI\apps\Solidity\solidity-smoke-v2-rules\rules\rtlo.yaml
2024-10-30 11:18:08.041407 ║INFO	║ 30392	║ process file c:\Positive Technologies\AI\apps\Solidity\solidity-smoke-v2-rules\rules\shadowing-abstract.yaml
2024-10-30 11:18:08.048425 ║INFO	║ 30392	║ process file c:\Positive Technologies\AI\apps\Solidity\solidity-smoke-v2-rules\rules\shadowing-builtin.yaml
2024-10-30 11:18:08.057446 ║INFO	║ 30392	║ process file c:\Positive Technologies\AI\apps\Solidity\solidity-smoke-v2-rules\rules\shadowing-state.yaml
2024-10-30 11:18:08.064464 ║INFO	║ 30392	║ process file c:\Positive Technologies\AI\apps\Solidity\solidity-smoke-v2-rules\rules\solc-version.yaml
2024-10-30 11:18:08.071983 ║INFO	║ 30392	║ process file c:\Positive Technologies\AI\apps\Solidity\solidity-smoke-v2-rules\rules\suicidal.yaml
2024-10-30 11:18:08.077998 ║INFO	║ 30392	║ process file c:\Positive Technologies\AI\apps\Solidity\solidity-smoke-v2-rules\rules\tautological-compare.yaml
2024-10-30 11:18:08.084014 ║INFO	║ 30392	║ process file c:\Positive Technologies\AI\apps\Solidity\solidity-smoke-v2-rules\rules\timestamp.yaml
2024-10-30 11:18:08.090029 ║INFO	║ 30392	║ process file c:\Positive Technologies\AI\apps\Solidity\solidity-smoke-v2-rules\rules\too-many-digits.yaml
2024-10-30 11:18:08.097049 ║INFO	║ 30392	║ process file c:\Positive Technologies\AI\apps\Solidity\solidity-smoke-v2-rules\rules\tx-origin.yaml
2024-10-30 11:18:08.105786 ║INFO	║ 30392	║ process file c:\Positive Technologies\AI\apps\Solidity\solidity-smoke-v2-rules\rules\unchecked-low-level-call.yaml
2024-10-30 11:18:08.118013 ║INFO	║ 30392	║ process file c:\Positive Technologies\AI\apps\Solidity\solidity-smoke-v2-rules\rules\unchecked-send.yaml
2024-10-30 11:18:08.130158 ║INFO	║ 30392	║ process file c:\Positive Technologies\AI\apps\Solidity\solidity-smoke-v2-rules\rules\unchecked-transfer.yaml
2024-10-30 11:18:08.138179 ║INFO	║ 30392	║ process file c:\Positive Technologies\AI\apps\Solidity\solidity-smoke-v2-rules\rules\uninitialized-local.yaml
2024-10-30 11:18:08.147867 ║INFO	║ 30392	║ process file c:\Positive Technologies\AI\apps\Solidity\solidity-smoke-v2-rules\rules\uninitialized-state.yaml
2024-10-30 11:18:08.155886 ║INFO	║ 30392	║ process file c:\Positive Technologies\AI\apps\Solidity\solidity-smoke-v2-rules\rules\var-read-using-this.yaml
2024-10-30 11:18:08.164271 ║INFO	║ 30392	║ process file c:\Positive Technologies\AI\apps\Solidity\solidity-smoke-v2-rules\rules\void-cst.yaml
2024-10-30 11:18:08.173058 ║INFO	║ 30392	║ process file c:\Positive Technologies\AI\apps\Solidity\solidity-smoke-v2-rules\rules\weak-prng.yaml
2024-10-30 11:18:08.182132 ║INFO	║ 30392	║ process file c:\Positive Technologies\AI\apps\Solidity\solidity-smoke-v2-rules\abiencoderv2-array.sol
2024-10-30 11:18:08.190153 ║INFO	║ 30392	║ process file c:\Positive Technologies\AI\apps\Solidity\solidity-smoke-v2-rules\arbitrary-send-erc20-permit.sol
2024-10-30 11:18:08.199176 ║INFO	║ 30392	║ process file c:\Positive Technologies\AI\apps\Solidity\solidity-smoke-v2-rules\arbitrary-send-erc20.sol
2024-10-30 11:18:08.207199 ║INFO	║ 30392	║ process file c:\Positive Technologies\AI\apps\Solidity\solidity-smoke-v2-rules\arbitrary-send-eth.sol
2024-10-30 11:18:08.215674 ║INFO	║ 30392	║ process file c:\Positive Technologies\AI\apps\Solidity\solidity-smoke-v2-rules\array-by-reference.sol
2024-10-30 11:18:08.224391 ║INFO	║ 30392	║ process file c:\Positive Technologies\AI\apps\Solidity\solidity-smoke-v2-rules\assembly.sol
2024-10-30 11:18:08.232810 ║INFO	║ 30392	║ process file c:\Positive Technologies\AI\apps\Solidity\solidity-smoke-v2-rules\assert-state-change.sol
2024-10-30 11:18:08.240278 ║INFO	║ 30392	║ process file c:\Positive Technologies\AI\apps\Solidity\solidity-smoke-v2-rules\boolean-cst.sol
2024-10-30 11:18:08.247317 ║INFO	║ 30392	║ process file c:\Positive Technologies\AI\apps\Solidity\solidity-smoke-v2-rules\boolean-equal.sol
2024-10-30 11:18:08.254506 ║INFO	║ 30392	║ process file c:\Positive Technologies\AI\apps\Solidity\solidity-smoke-v2-rules\calls-loop.sol
2024-10-30 11:18:08.265526 ║INFO	║ 30392	║ process file c:\Positive Technologies\AI\apps\Solidity\solidity-smoke-v2-rules\constable-states.sol
2024-10-30 11:18:08.278564 ║INFO	║ 30392	║ process file c:\Positive Technologies\AI\apps\Solidity\solidity-smoke-v2-rules\controlled-array-length.sol
2024-10-30 11:18:08.289594 ║INFO	║ 30392	║ process file c:\Positive Technologies\AI\apps\Solidity\solidity-smoke-v2-rules\delegatecall-loop.sol
2024-10-30 11:18:08.301611 ║INFO	║ 30392	║ process file c:\Positive Technologies\AI\apps\Solidity\solidity-smoke-v2-rules\divide-before-multiply.sol
2024-10-30 11:18:08.312640 ║INFO	║ 30392	║ process file c:\Positive Technologies\AI\apps\Solidity\solidity-smoke-v2-rules\domain-separator-collision.sol
2024-10-30 11:18:08.326336 ║INFO	║ 30392	║ process file c:\Positive Technologies\AI\apps\Solidity\solidity-smoke-v2-rules\encode-packed-collision.sol
2024-10-30 11:18:08.337811 ║INFO	║ 30392	║ process file c:\Positive Technologies\AI\apps\Solidity\solidity-smoke-v2-rules\erc20-indexed.sol
2024-10-30 11:18:08.348866 ║INFO	║ 30392	║ process file c:\Positive Technologies\AI\apps\Solidity\solidity-smoke-v2-rules\erc20-interface.sol
2024-10-30 11:18:08.361611 ║INFO	║ 30392	║ process file c:\Positive Technologies\AI\apps\Solidity\solidity-smoke-v2-rules\erc721-interface.sol
2024-10-30 11:18:08.373980 ║INFO	║ 30392	║ process file c:\Positive Technologies\AI\apps\Solidity\solidity-smoke-v2-rules\events-access.sol
2024-10-30 11:18:08.387808 ║INFO	║ 30392	║ process file c:\Positive Technologies\AI\apps\Solidity\solidity-smoke-v2-rules\events-maths.sol
2024-10-30 11:18:08.400526 ║INFO	║ 30392	║ process file c:\Positive Technologies\AI\apps\Solidity\solidity-smoke-v2-rules\external-function.sol
2024-10-30 11:18:08.413925 ║INFO	║ 30392	║ process file c:\Positive Technologies\AI\apps\Solidity\solidity-smoke-v2-rules\function-init-state.sol
2024-10-30 11:18:08.427526 ║INFO	║ 30392	║ process file c:\Positive Technologies\AI\apps\Solidity\solidity-smoke-v2-rules\IERC20.sol
2024-10-30 11:18:08.441059 ║INFO	║ 30392	║ process file c:\Positive Technologies\AI\apps\Solidity\solidity-smoke-v2-rules\immutable-states.sol
2024-10-30 11:18:08.453090 ║INFO	║ 30392	║ process file c:\Positive Technologies\AI\apps\Solidity\solidity-smoke-v2-rules\incorrect-equality.sol
2024-10-30 11:18:08.466120 ║INFO	║ 30392	║ process file c:\Positive Technologies\AI\apps\Solidity\solidity-smoke-v2-rules\incorrect-exp.sol
2024-10-30 11:18:08.479653 ║INFO	║ 30392	║ process file c:\Positive Technologies\AI\apps\Solidity\solidity-smoke-v2-rules\incorrect-modifier.sol
2024-10-30 11:18:08.492687 ║INFO	║ 30392	║ process file c:\Positive Technologies\AI\apps\Solidity\solidity-smoke-v2-rules\incorrect-return.sol
2024-10-30 11:18:08.522766 ║INFO	║ 30392	║ process file c:\Positive Technologies\AI\apps\Solidity\solidity-smoke-v2-rules\incorrect-shift.sol
2024-10-30 11:18:08.535800 ║INFO	║ 30392	║ process file c:\Positive Technologies\AI\apps\Solidity\solidity-smoke-v2-rules\incorrect-unary.sol
2024-10-30 11:18:08.550840 ║INFO	║ 30392	║ process file c:\Positive Technologies\AI\apps\Solidity\solidity-smoke-v2-rules\incorrect-using-for.sol
2024-10-30 11:18:08.563907 ║INFO	║ 30392	║ process file c:\Positive Technologies\AI\apps\Solidity\solidity-smoke-v2-rules\locked-ether.sol
2024-10-30 11:18:08.576480 ║INFO	║ 30392	║ process file c:\Positive Technologies\AI\apps\Solidity\solidity-smoke-v2-rules\low-level-calls.sol
2024-10-30 11:18:08.589593 ║INFO	║ 30392	║ process file c:\Positive Technologies\AI\apps\Solidity\solidity-smoke-v2-rules\mapping-deletion.sol
2024-10-30 11:18:08.602692 ║INFO	║ 30392	║ process file c:\Positive Technologies\AI\apps\Solidity\solidity-smoke-v2-rules\missing-inheritance.sol
2024-10-30 11:18:08.615172 ║INFO	║ 30392	║ process file c:\Positive Technologies\AI\apps\Solidity\solidity-smoke-v2-rules\missing-zero-check.sol
2024-10-30 11:18:08.627204 ║INFO	║ 30392	║ process file c:\Positive Technologies\AI\apps\Solidity\solidity-smoke-v2-rules\msg-value-loop.sol
2024-10-30 11:18:08.640507 ║INFO	║ 30392	║ process file c:\Positive Technologies\AI\apps\Solidity\solidity-smoke-v2-rules\multiple-constructors.sol
2024-10-30 11:18:08.653006 ║INFO	║ 30392	║ process file c:\Positive Technologies\AI\apps\Solidity\solidity-smoke-v2-rules\name-reused.sol
2024-10-30 11:18:08.664943 ║INFO	║ 30392	║ process file c:\Positive Technologies\AI\apps\Solidity\solidity-smoke-v2-rules\naming-convention.sol
2024-10-30 11:18:08.678083 ║INFO	║ 30392	║ process file c:\Positive Technologies\AI\apps\Solidity\solidity-smoke-v2-rules\protected-vars.sol
2024-10-30 11:18:08.690751 ║INFO	║ 30392	║ process file c:\Positive Technologies\AI\apps\Solidity\solidity-smoke-v2-rules\reentrancy-eth.sol
2024-10-30 11:18:08.702781 ║INFO	║ 30392	║ process file c:\Positive Technologies\AI\apps\Solidity\solidity-smoke-v2-rules\return-leave.sol
2024-10-30 11:18:08.715402 ║INFO	║ 30392	║ process file c:\Positive Technologies\AI\apps\Solidity\solidity-smoke-v2-rules\reused-constructor.sol
2024-10-30 11:18:08.728127 ║INFO	║ 30392	║ process file c:\Positive Technologies\AI\apps\Solidity\solidity-smoke-v2-rules\rtlo.sol
2024-10-30 11:18:08.740091 ║INFO	║ 30392	║ process file c:\Positive Technologies\AI\apps\Solidity\solidity-smoke-v2-rules\shadowing-builtin.sol
2024-10-30 11:18:08.753885 ║INFO	║ 30392	║ process file c:\Positive Technologies\AI\apps\Solidity\solidity-smoke-v2-rules\shadowing-local.sol
2024-10-30 11:18:08.766420 ║INFO	║ 30392	║ process file c:\Positive Technologies\AI\apps\Solidity\solidity-smoke-v2-rules\shadowing-state.sol
2024-10-30 11:18:08.779093 ║INFO	║ 30392	║ process file c:\Positive Technologies\AI\apps\Solidity\solidity-smoke-v2-rules\solc-version.sol
2024-10-30 11:18:08.794843 ║INFO	║ 30392	║ process file c:\Positive Technologies\AI\apps\Solidity\solidity-smoke-v2-rules\suicidal.sol
2024-10-30 11:18:08.817819 ║INFO	║ 30392	║ process file c:\Positive Technologies\AI\apps\Solidity\solidity-smoke-v2-rules\tautological-compare.sol
2024-10-30 11:18:08.836042 ║INFO	║ 30392	║ process file c:\Positive Technologies\AI\apps\Solidity\solidity-smoke-v2-rules\tautology.sol
2024-10-30 11:18:08.852436 ║INFO	║ 30392	║ process file c:\Positive Technologies\AI\apps\Solidity\solidity-smoke-v2-rules\timestamp.sol
2024-10-30 11:18:08.870221 ║INFO	║ 30392	║ process file c:\Positive Technologies\AI\apps\Solidity\solidity-smoke-v2-rules\too-many-digits.sol
2024-10-30 11:18:08.888012 ║INFO	║ 30392	║ process file c:\Positive Technologies\AI\apps\Solidity\solidity-smoke-v2-rules\tx-origin.sol
2024-10-30 11:18:08.905134 ║INFO	║ 30392	║ process file c:\Positive Technologies\AI\apps\Solidity\solidity-smoke-v2-rules\unchecked-low-level-call.sol
2024-10-30 11:18:08.922747 ║INFO	║ 30392	║ process file c:\Positive Technologies\AI\apps\Solidity\solidity-smoke-v2-rules\unchecked-send.sol
2024-10-30 11:18:08.938671 ║INFO	║ 30392	║ process file c:\Positive Technologies\AI\apps\Solidity\solidity-smoke-v2-rules\unchecked-transfer.sol
2024-10-30 11:18:08.961258 ║INFO	║ 30392	║ process file c:\Positive Technologies\AI\apps\Solidity\solidity-smoke-v2-rules\unimplemented-functions.sol
2024-10-30 11:18:08.980610 ║INFO	║ 30392	║ process file c:\Positive Technologies\AI\apps\Solidity\solidity-smoke-v2-rules\uninitialized-local.sol
2024-10-30 11:18:09.000269 ║INFO	║ 30392	║ process file c:\Positive Technologies\AI\apps\Solidity\solidity-smoke-v2-rules\uninitialized-state.sol
2024-10-30 11:18:09.015412 ║INFO	║ 30392	║ process file c:\Positive Technologies\AI\apps\Solidity\solidity-smoke-v2-rules\unprotected-upgrade.sol
2024-10-30 11:18:09.030084 ║INFO	║ 30392	║ process file c:\Positive Technologies\AI\apps\Solidity\solidity-smoke-v2-rules\unused-import.sol
2024-10-30 11:18:09.050344 ║INFO	║ 30392	║ process file c:\Positive Technologies\AI\apps\Solidity\solidity-smoke-v2-rules\unused-state.sol
2024-10-30 11:18:09.072526 ║INFO	║ 30392	║ process file c:\Positive Technologies\AI\apps\Solidity\solidity-smoke-v2-rules\var-read-using-this.sol
2024-10-30 11:18:09.092451 ║INFO	║ 30392	║ process file c:\Positive Technologies\AI\apps\Solidity\solidity-smoke-v2-rules\variable-scope.sol
2024-10-30 11:18:09.112818 ║INFO	║ 30392	║ process file c:\Positive Technologies\AI\apps\Solidity\solidity-smoke-v2-rules\void-cst.sol
2024-10-30 11:18:09.137863 ║INFO	║ 30392	║ process file c:\Positive Technologies\AI\apps\Solidity\solidity-smoke-v2-rules\weak-prng.sol
2024-10-30 11:18:09.163418 ║INFO	║ 30392	║ process file c:\Positive Technologies\AI\apps\Solidity\solidity-smoke-v2-rules\write-after-write.sol
2024-10-30 11:18:09.187821 ║INFO	║ 30392	║ process file c:\Positive Technologies\AI\apps\Solidity\solidity-smoke-v2-rules\_reentrancy-eth.sol
2024-10-30 11:18:09.213461 ║INFO	║ 30392	║ process file c:\Positive Technologies\AI\apps\Solidity\solidity-smoke-v2-rules
2024-10-30 11:26:39.916708 ║INFO	║ 30392	║ Finalize
2024-10-30 11:26:39.928479 ║INFO	║ 30392	║ Finalize done
